#
# There is insufficient memory for the Java Runtime Environment to continue.
# Native memory allocation (mmap) failed to map 1317011456 bytes for G1 virtual space
# Possible reasons:
#   The system is out of physical RAM or swap space
#   The process is running with CompressedOops enabled, and the Java Heap may be blocking the growth of the native heap
# Possible solutions:
#   Reduce memory load on the system
#   Increase physical memory or swap space
#   Check if swap backing store is full
#   Decrease Java heap size (-Xmx/-Xms)
#   Decrease number of Java threads
#   Decrease Java thread stack sizes (-Xss)
#   Set larger code cache with -XX:ReservedCodeCacheSize=
#   JVM is running with Zero Based Compressed Oops mode in which the Java heap is
#     placed in the first 32GB address space. The Java Heap base address is the
#     maximum limit for the native heap growth. Please use -XX:HeapBaseMinAddress
#     to set the Java Heap base and to place the Java Heap above 32GB virtual address.
# This output file may be truncated or incomplete.
#
#  Out of Memory Error (os_windows.cpp:3769), pid=12356, tid=25472
#
# JRE version: OpenJDK Runtime Environment (17.0.6) (build 17.0.6+0-b2043.56-9586694)
# Java VM: OpenJDK 64-Bit Server VM (17.0.6+0-b2043.56-9586694, mixed mode, tiered, compressed oops, compressed class ptrs, g1 gc, windows-amd64)
# No core dump will be written. Minidumps are not enabled by default on client versions of Windows
#

---------------  S U M M A R Y ------------

Command Line: --add-opens=java.base/java.util=ALL-UNNAMED --add-opens=java.base/java.lang=ALL-UNNAMED --add-opens=java.base/java.lang.invoke=ALL-UNNAMED --add-opens=java.prefs/java.util.prefs=ALL-UNNAMED --add-opens=java.base/java.nio.charset=ALL-UNNAMED --add-opens=java.base/java.net=ALL-UNNAMED --add-opens=java.base/java.util.concurrent.atomic=ALL-UNNAMED -Xmx4608m -Dfile.encoding=UTF-8 -Duser.country=US -Duser.language=en -Duser.variant org.gradle.launcher.daemon.bootstrap.GradleDaemon 8.0

Host: 11th Gen Intel(R) Core(TM) i5-1135G7 @ 2.40GHz, 8 cores, 15G,  Windows 11 , 64 bit Build 22621 (10.0.22621.2506)
Time: Wed Nov 29 01:15:05 2023 SE Asia Standard Time elapsed time: 9905.872096 seconds (0d 2h 45m 5s)

---------------  T H R E A D  ---------------

Current thread (0x000001c0db0ce760):  VMThread "VM Thread" [stack: 0x0000005f1fa00000,0x0000005f1fb00000] [id=25472]

Stack: [0x0000005f1fa00000,0x0000005f1fb00000]
Native frames: (J=compiled Java code, j=interpreted, Vv=VM code, C=native code)
V  [jvm.dll+0x683b4a]
V  [jvm.dll+0x842654]
V  [jvm.dll+0x843dfe]
V  [jvm.dll+0x844463]
V  [jvm.dll+0x249b75]
V  [jvm.dll+0x680a19]
V  [jvm.dll+0x674f0a]
V  [jvm.dll+0x309acb]
V  [jvm.dll+0x310f86]
V  [jvm.dll+0x3608ee]
V  [jvm.dll+0x360b1f]
V  [jvm.dll+0x2dfbf8]
V  [jvm.dll+0x2ddec4]
V  [jvm.dll+0x2dd4cc]
V  [jvm.dll+0x321f3b]
V  [jvm.dll+0x84893b]
V  [jvm.dll+0x849674]
V  [jvm.dll+0x849b8d]
V  [jvm.dll+0x849f64]
V  [jvm.dll+0x84a030]
V  [jvm.dll+0x7f25fa]
V  [jvm.dll+0x682985]
C  [ucrtbase.dll+0x29363]
C  [KERNEL32.DLL+0x1257d]
C  [ntdll.dll+0x5aa58]

VM_Operation (0x0000005f29cfe950): G1CollectForAllocation, mode: safepoint, requested by thread 0x000001c0e356ccc0


---------------  P R O C E S S  ---------------

Threads class SMR info:
_java_thread_list=0x000001c0e5d146f0, length=161, elements={
0x000001c0bb34ab20, 0x000001c0db0a05b0, 0x000001c0db0a1160, 0x000001c0dbc35030,
0x000001c0dbc359f0, 0x000001c0dbc384b0, 0x000001c0dbc3ae70, 0x000001c0dbc3bb50,
0x000001c0dbc3cd90, 0x000001c0dbc3d780, 0x000001c0dbdc9fe0, 0x000001c0dbdb7070,
0x000001c0dc38b7d0, 0x000001c0dc38d4b0, 0x000001c0dc38d980, 0x000001c0dc38b300,
0x000001c0dc38bca0, 0x000001c0dee89d40, 0x000001c0dee893a0, 0x000001c0dee8f3e0,
0x000001c0dee8b080, 0x000001c0dee8c3c0, 0x000001c0dee8a6e0, 0x000001c0dee8b550,
0x000001c0dee8ba20, 0x000001c0dee8bef0, 0x000001c0dee8f8b0, 0x000001c0dc986b40,
0x000001c0dc987010, 0x000001c0dc988820, 0x000001c0df2afd70, 0x000001c0e3241a10,
0x000001c0dc985800, 0x000001c0e5d5fa00, 0x000001c0e5d5f530, 0x000001c0e5d616e0,
0x000001c0e42d36d0, 0x000001c0e42d5880, 0x000001c0e42d5d50, 0x000001c0dc988cf0,
0x000001c0dc9874e0, 0x000001c0dc9879b0, 0x000001c0dc984e60, 0x000001c0dc985cd0,
0x000001c0dc985330, 0x000001c0dc9861a0, 0x000001c0dc9844c0, 0x000001c0e60d4ed0,
0x000001c0e60d7a20, 0x000001c0e60d7080, 0x000001c0e60d53a0, 0x000001c0e60d6bb0,
0x000001c0e60d6210, 0x000001c0e60d4060, 0x000001c0e60d66e0, 0x000001c0e60d7550,
0x000001c0e60d4530, 0x000001c0e47fe5f0, 0x000001c0e48002d0, 0x000001c0e48007a0,
0x000001c0e4801ae0, 0x000001c0e47fef90, 0x000001c0e47ff460, 0x000001c0e47ff930,
0x000001c0e4800c70, 0x000001c0e47ffe00, 0x000001c0e4801140, 0x000001c0ebd68e00,
0x000001c0ebd65de0, 0x000001c0ebd65440, 0x000001c0ebd662b0, 0x000001c0ebd66780,
0x000001c0ebd65910, 0x000001c0ebd66c50, 0x000001c0ebd67ac0, 0x000001c0ebd67120,
0x000001c0ebd675f0, 0x000001c0ebd67f90, 0x000001c0ebd68460, 0x000001c0ebd68930,
0x000001c0e4eb66e0, 0x000001c0e4eb3b90, 0x000001c0e4eb4ed0, 0x000001c0e4eb36c0,
0x000001c0e4eb6210, 0x000001c0e4eb31f0, 0x000001c0e4eb5870, 0x000001c0e4eb5d40,
0x000001c0e4eb2d20, 0x000001c0e4eb4530, 0x000001c0e4eb4060, 0x000001c0e4eb4a00,
0x000001c0e4eb53a0, 0x000001c0e4ba8030, 0x000001c0e4ba54e0, 0x000001c0e4ba5e80,
0x000001c0e4ba7b60, 0x000001c0e4ba71c0, 0x000001c0e4ba5010, 0x000001c0e4ba8500,
0x000001c0e4ba4b40, 0x000001c0e4ba6350, 0x000001c0e4ba59b0, 0x000001c0e4ba6820,
0x000001c0e4ba7690, 0x000001c0e4ba6cf0, 0x000001c0e297a670, 0x000001c0e297be80,
0x000001c0e297c820, 0x000001c0e297d1c0, 0x000001c0e297ab40, 0x000001c0e297b9b0,
0x000001c0e297b010, 0x000001c0e297e030, 0x000001c0e297b4e0, 0x000001c0e297ccf0,
0x000001c0e297d690, 0x000001c0e297c350, 0x000001c0e297db60, 0x000001c0e7f4db80,
0x000001c0e7f4e050, 0x000001c0e7f4c840, 0x000001c0e7f4c370, 0x000001c0e7f4cd10,
0x000001c0e7f4d1e0, 0x000001c0e5d62a20, 0x000001c0e5d61bb0, 0x000001c0e42d4a10,
0x000001c0e42d3200, 0x000001c0e42d6220, 0x000001c0e42d4ee0, 0x000001c0e42d66f0,
0x000001c0e42d6bc0, 0x000001c0e42d3ba0, 0x000001c0e5d62080, 0x000001c0deb2e8d0,
0x000001c0deb305b0, 0x000001c0deb2eda0, 0x000001c0deb2d0c0, 0x000001c0deb2df30,
0x000001c0deb2da60, 0x000001c0deb2e400, 0x000001c0deb2f270, 0x000001c0e7f4e520,
0x000001c0e7f4bea0, 0x000001c0e7f4b030, 0x000001c0e7f4e9f0, 0x000001c0e7f4b9d0,
0x000001c0e5d62550, 0x000001c0e5d5f060, 0x000001c0e5d603a0, 0x000001c0e5d60870,
0x000001c0dfd5b510, 0x000001c0df993310, 0x000001c0e356d660, 0x000001c0e356ccc0,
0x000001c0e7f4d6b0, 0x000001c0dc986670, 0x000001c0e2922530, 0x000001c0e7c63a20,
0x000001c0dc98a030
}

Java Threads: ( => current thread )
  0x000001c0bb34ab20 JavaThread "main" [_thread_blocked, id=24772, stack(0x0000005f1f400000,0x0000005f1f500000)]
  0x000001c0db0a05b0 JavaThread "Reference Handler" daemon [_thread_blocked, id=11448, stack(0x0000005f1fb00000,0x0000005f1fc00000)]
  0x000001c0db0a1160 JavaThread "Finalizer" daemon [_thread_blocked, id=14096, stack(0x0000005f1fc00000,0x0000005f1fd00000)]
  0x000001c0dbc35030 JavaThread "Signal Dispatcher" daemon [_thread_blocked, id=19820, stack(0x0000005f1fd00000,0x0000005f1fe00000)]
  0x000001c0dbc359f0 JavaThread "Attach Listener" daemon [_thread_blocked, id=24516, stack(0x0000005f1fe00000,0x0000005f1ff00000)]
  0x000001c0dbc384b0 JavaThread "Service Thread" daemon [_thread_blocked, id=6360, stack(0x0000005f1ff00000,0x0000005f20000000)]
  0x000001c0dbc3ae70 JavaThread "Monitor Deflation Thread" daemon [_thread_blocked, id=20076, stack(0x0000005f20000000,0x0000005f20100000)]
  0x000001c0dbc3bb50 JavaThread "C2 CompilerThread0" daemon [_thread_blocked, id=8580, stack(0x0000005f20100000,0x0000005f20200000)]
  0x000001c0dbc3cd90 JavaThread "C1 CompilerThread0" daemon [_thread_blocked, id=24292, stack(0x0000005f20200000,0x0000005f20300000)]
  0x000001c0dbc3d780 JavaThread "Sweeper thread" daemon [_thread_blocked, id=6344, stack(0x0000005f20300000,0x0000005f20400000)]
  0x000001c0dbdc9fe0 JavaThread "Common-Cleaner" daemon [_thread_blocked, id=25464, stack(0x0000005f20400000,0x0000005f20500000)]
  0x000001c0dbdb7070 JavaThread "Notification Thread" daemon [_thread_blocked, id=21704, stack(0x0000005f20500000,0x0000005f20600000)]
  0x000001c0dc38b7d0 JavaThread "Daemon health stats" [_thread_blocked, id=14216, stack(0x0000005f20e00000,0x0000005f20f00000)]
  0x000001c0dc38d4b0 JavaThread "Incoming local TCP Connector on port 58117" [_thread_in_native, id=14304, stack(0x0000005f20f00000,0x0000005f21000000)]
  0x000001c0dc38d980 JavaThread "Daemon periodic checks" [_thread_blocked, id=9064, stack(0x0000005f21000000,0x0000005f21100000)]
  0x000001c0dc38b300 JavaThread "Cache worker for journal cache (C:\Users\ADMIN\.gradle\caches\journal-1)" [_thread_blocked, id=24156, stack(0x0000005f21900000,0x0000005f21a00000)]
  0x000001c0dc38bca0 JavaThread "File lock request listener" [_thread_in_native, id=17152, stack(0x0000005f21a00000,0x0000005f21b00000)]
  0x000001c0dee89d40 JavaThread "Cache worker for file hash cache (C:\Users\ADMIN\.gradle\caches\8.0\fileHashes)" [_thread_blocked, id=21760, stack(0x0000005f21b00000,0x0000005f21c00000)]
  0x000001c0dee893a0 JavaThread "File watcher server" daemon [_thread_blocked, id=24764, stack(0x0000005f21d00000,0x0000005f21e00000)]
  0x000001c0dee8f3e0 JavaThread "File watcher consumer" daemon [_thread_blocked, id=14308, stack(0x0000005f21e00000,0x0000005f21f00000)]
  0x000001c0dee8b080 JavaThread "Cache worker for file content cache (C:\Users\ADMIN\.gradle\caches\8.0\fileContent)" [_thread_blocked, id=1852, stack(0x0000005f22100000,0x0000005f22200000)]
  0x000001c0dee8c3c0 JavaThread "Cache worker for execution history cache (C:\Users\ADMIN\.gradle\caches\8.0\executionHistory)" [_thread_blocked, id=10076, stack(0x0000005f22400000,0x0000005f22500000)]
  0x000001c0dee8a6e0 JavaThread "jar transforms" [_thread_blocked, id=2952, stack(0x0000005f22500000,0x0000005f22600000)]
  0x000001c0dee8b550 JavaThread "jar transforms Thread 2" [_thread_blocked, id=10624, stack(0x0000005f22600000,0x0000005f22700000)]
  0x000001c0dee8ba20 JavaThread "jar transforms Thread 3" [_thread_blocked, id=112, stack(0x0000005f22700000,0x0000005f22800000)]
  0x000001c0dee8bef0 JavaThread "jar transforms Thread 4" [_thread_blocked, id=25280, stack(0x0000005f22800000,0x0000005f22900000)]
  0x000001c0dee8f8b0 JavaThread "jar transforms Thread 5" [_thread_blocked, id=9144, stack(0x0000005f22900000,0x0000005f22a00000)]
  0x000001c0dc986b40 JavaThread "jar transforms Thread 6" [_thread_blocked, id=14552, stack(0x0000005f27c00000,0x0000005f27d00000)]
  0x000001c0dc987010 JavaThread "jar transforms Thread 7" [_thread_blocked, id=22608, stack(0x0000005f27d00000,0x0000005f27e00000)]
  0x000001c0dc988820 JavaThread "jar transforms Thread 8" [_thread_blocked, id=3984, stack(0x0000005f27e00000,0x0000005f27f00000)]
  0x000001c0df2afd70 JavaThread "Memory manager" [_thread_blocked, id=16288, stack(0x0000005f28300000,0x0000005f28400000)]
  0x000001c0e3241a10 JavaThread "Cache worker for Java compile cache (C:\Users\ADMIN\.gradle\caches\8.0\javaCompile)" [_thread_blocked, id=2500, stack(0x0000005f28f00000,0x0000005f29000000)]
  0x000001c0dc985800 JavaThread "Daemon Thread 51" [_thread_blocked, id=10996, stack(0x0000005f1f100000,0x0000005f1f200000)]
  0x000001c0e5d5fa00 JavaThread "Handler for socket connection from /127.0.0.1:58117 to /127.0.0.1:56590" [_thread_in_native, id=3220, stack(0x0000005f1f200000,0x0000005f1f300000)]
  0x000001c0e5d5f530 JavaThread "Cancel handler" [_thread_blocked, id=10984, stack(0x0000005f1f300000,0x0000005f1f400000)]
  0x000001c0e5d616e0 JavaThread "Daemon worker Thread 51" [_thread_blocked, id=3436, stack(0x0000005f21100000,0x0000005f21200000)]
  0x000001c0e42d36d0 JavaThread "Asynchronous log dispatcher for DefaultDaemonConnection: socket connection from /127.0.0.1:58117 to /127.0.0.1:56590" [_thread_blocked, id=18716, stack(0x0000005f21200000,0x0000005f21300000)]
  0x000001c0e42d5880 JavaThread "Stdin handler" [_thread_blocked, id=22420, stack(0x0000005f21300000,0x0000005f21400000)]
  0x000001c0e42d5d50 JavaThread "Daemon client event forwarder" [_thread_blocked, id=1180, stack(0x0000005f21400000,0x0000005f21500000)]
  0x000001c0dc988cf0 JavaThread "Cache worker for checksums cache (C:\Users\ADMIN\Chatalk\.gradle\8.0\checksums)" [_thread_blocked, id=6244, stack(0x0000005f21500000,0x0000005f21600000)]
  0x000001c0dc9874e0 JavaThread "Cache worker for cache directory md-rule (C:\Users\ADMIN\.gradle\caches\8.0\md-rule)" [_thread_blocked, id=15892, stack(0x0000005f21600000,0x0000005f21700000)]
  0x000001c0dc9879b0 JavaThread "Cache worker for file hash cache (C:\Users\ADMIN\Chatalk\.gradle\8.0\fileHashes)" [_thread_blocked, id=10144, stack(0x0000005f21700000,0x0000005f21800000)]
  0x000001c0dc984e60 JavaThread "Cache worker for cache directory md-supplier (C:\Users\ADMIN\.gradle\caches\8.0\md-supplier)" [_thread_blocked, id=25356, stack(0x0000005f21f00000,0x0000005f22000000)]
  0x000001c0dc985cd0 JavaThread "Cache worker for dependencies-accessors (C:\Users\ADMIN\Chatalk\.gradle\8.0\dependencies-accessors)" [_thread_blocked, id=18200, stack(0x0000005f22000000,0x0000005f22100000)]
  0x000001c0dc985330 JavaThread "Cache worker for Build Output Cleanup Cache (C:\Users\ADMIN\Chatalk\.gradle\buildOutputCleanup)" [_thread_blocked, id=6364, stack(0x0000005f22200000,0x0000005f22300000)]
  0x000001c0dc9861a0 JavaThread "Unconstrained build operations" [_thread_blocked, id=18856, stack(0x0000005f22300000,0x0000005f22400000)]
  0x000001c0dc9844c0 JavaThread "Unconstrained build operations Thread 2" [_thread_blocked, id=11568, stack(0x0000005f22a00000,0x0000005f22b00000)]
  0x000001c0e60d4ed0 JavaThread "Unconstrained build operations Thread 3" [_thread_blocked, id=10316, stack(0x0000005f22b00000,0x0000005f22c00000)]
  0x000001c0e60d7a20 JavaThread "Unconstrained build operations Thread 4" [_thread_blocked, id=21868, stack(0x0000005f22c00000,0x0000005f22d00000)]
  0x000001c0e60d7080 JavaThread "Unconstrained build operations Thread 5" [_thread_blocked, id=14100, stack(0x0000005f22d00000,0x0000005f22e00000)]
  0x000001c0e60d53a0 JavaThread "Unconstrained build operations Thread 6" [_thread_blocked, id=21616, stack(0x0000005f22e00000,0x0000005f22f00000)]
  0x000001c0e60d6bb0 JavaThread "Unconstrained build operations Thread 7" [_thread_blocked, id=16472, stack(0x0000005f22f00000,0x0000005f23000000)]
  0x000001c0e60d6210 JavaThread "Unconstrained build operations Thread 8" [_thread_blocked, id=13488, stack(0x0000005f23000000,0x0000005f23100000)]
  0x000001c0e60d4060 JavaThread "Unconstrained build operations Thread 9" [_thread_blocked, id=20448, stack(0x0000005f23100000,0x0000005f23200000)]
  0x000001c0e60d66e0 JavaThread "Unconstrained build operations Thread 10" [_thread_blocked, id=8944, stack(0x0000005f23200000,0x0000005f23300000)]
  0x000001c0e60d7550 JavaThread "Unconstrained build operations Thread 11" [_thread_blocked, id=10108, stack(0x0000005f23300000,0x0000005f23400000)]
  0x000001c0e60d4530 JavaThread "Unconstrained build operations Thread 12" [_thread_blocked, id=2580, stack(0x0000005f23400000,0x0000005f23500000)]
  0x000001c0e47fe5f0 JavaThread "Unconstrained build operations Thread 13" [_thread_blocked, id=14696, stack(0x0000005f23500000,0x0000005f23600000)]
  0x000001c0e48002d0 JavaThread "Unconstrained build operations Thread 14" [_thread_blocked, id=12912, stack(0x0000005f23600000,0x0000005f23700000)]
  0x000001c0e48007a0 JavaThread "Unconstrained build operations Thread 15" [_thread_blocked, id=17368, stack(0x0000005f23700000,0x0000005f23800000)]
  0x000001c0e4801ae0 JavaThread "Unconstrained build operations Thread 16" [_thread_blocked, id=24412, stack(0x0000005f23800000,0x0000005f23900000)]
  0x000001c0e47fef90 JavaThread "Unconstrained build operations Thread 17" [_thread_blocked, id=5728, stack(0x0000005f23900000,0x0000005f23a00000)]
  0x000001c0e47ff460 JavaThread "Unconstrained build operations Thread 18" [_thread_blocked, id=20484, stack(0x0000005f23a00000,0x0000005f23b00000)]
  0x000001c0e47ff930 JavaThread "Unconstrained build operations Thread 19" [_thread_blocked, id=14128, stack(0x0000005f23b00000,0x0000005f23c00000)]
  0x000001c0e4800c70 JavaThread "Unconstrained build operations Thread 20" [_thread_blocked, id=156, stack(0x0000005f23c00000,0x0000005f23d00000)]
  0x000001c0e47ffe00 JavaThread "Unconstrained build operations Thread 21" [_thread_blocked, id=18112, stack(0x0000005f23d00000,0x0000005f23e00000)]
  0x000001c0e4801140 JavaThread "Unconstrained build operations Thread 22" [_thread_blocked, id=12548, stack(0x0000005f23e00000,0x0000005f23f00000)]
  0x000001c0ebd68e00 JavaThread "Unconstrained build operations Thread 23" [_thread_blocked, id=9960, stack(0x0000005f23f00000,0x0000005f24000000)]
  0x000001c0ebd65de0 JavaThread "Unconstrained build operations Thread 24" [_thread_blocked, id=19480, stack(0x0000005f24000000,0x0000005f24100000)]
  0x000001c0ebd65440 JavaThread "Unconstrained build operations Thread 25" [_thread_blocked, id=9916, stack(0x0000005f24100000,0x0000005f24200000)]
  0x000001c0ebd662b0 JavaThread "Unconstrained build operations Thread 26" [_thread_blocked, id=19356, stack(0x0000005f24200000,0x0000005f24300000)]
  0x000001c0ebd66780 JavaThread "Unconstrained build operations Thread 27" [_thread_blocked, id=22824, stack(0x0000005f24300000,0x0000005f24400000)]
  0x000001c0ebd65910 JavaThread "Unconstrained build operations Thread 28" [_thread_blocked, id=9604, stack(0x0000005f24400000,0x0000005f24500000)]
  0x000001c0ebd66c50 JavaThread "Unconstrained build operations Thread 29" [_thread_blocked, id=19632, stack(0x0000005f24500000,0x0000005f24600000)]
  0x000001c0ebd67ac0 JavaThread "Unconstrained build operations Thread 30" [_thread_blocked, id=3876, stack(0x0000005f24600000,0x0000005f24700000)]
  0x000001c0ebd67120 JavaThread "Unconstrained build operations Thread 31" [_thread_blocked, id=9992, stack(0x0000005f24700000,0x0000005f24800000)]
  0x000001c0ebd675f0 JavaThread "Unconstrained build operations Thread 32" [_thread_blocked, id=15104, stack(0x0000005f24800000,0x0000005f24900000)]
  0x000001c0ebd67f90 JavaThread "Unconstrained build operations Thread 33" [_thread_blocked, id=2760, stack(0x0000005f24900000,0x0000005f24a00000)]
  0x000001c0ebd68460 JavaThread "Unconstrained build operations Thread 34" [_thread_blocked, id=17148, stack(0x0000005f24a00000,0x0000005f24b00000)]
  0x000001c0ebd68930 JavaThread "Unconstrained build operations Thread 35" [_thread_blocked, id=8292, stack(0x0000005f24b00000,0x0000005f24c00000)]
  0x000001c0e4eb66e0 JavaThread "Unconstrained build operations Thread 36" [_thread_blocked, id=19692, stack(0x0000005f24c00000,0x0000005f24d00000)]
  0x000001c0e4eb3b90 JavaThread "Unconstrained build operations Thread 37" [_thread_blocked, id=10648, stack(0x0000005f24d00000,0x0000005f24e00000)]
  0x000001c0e4eb4ed0 JavaThread "Unconstrained build operations Thread 38" [_thread_blocked, id=23732, stack(0x0000005f24e00000,0x0000005f24f00000)]
  0x000001c0e4eb36c0 JavaThread "Unconstrained build operations Thread 39" [_thread_blocked, id=15564, stack(0x0000005f24f00000,0x0000005f25000000)]
  0x000001c0e4eb6210 JavaThread "Unconstrained build operations Thread 40" [_thread_blocked, id=14204, stack(0x0000005f25000000,0x0000005f25100000)]
  0x000001c0e4eb31f0 JavaThread "Unconstrained build operations Thread 41" [_thread_blocked, id=6176, stack(0x0000005f25100000,0x0000005f25200000)]
  0x000001c0e4eb5870 JavaThread "Unconstrained build operations Thread 42" [_thread_blocked, id=4168, stack(0x0000005f25200000,0x0000005f25300000)]
  0x000001c0e4eb5d40 JavaThread "Unconstrained build operations Thread 43" [_thread_blocked, id=20024, stack(0x0000005f25300000,0x0000005f25400000)]
  0x000001c0e4eb2d20 JavaThread "Unconstrained build operations Thread 44" [_thread_blocked, id=17176, stack(0x0000005f25400000,0x0000005f25500000)]
  0x000001c0e4eb4530 JavaThread "Unconstrained build operations Thread 45" [_thread_blocked, id=2672, stack(0x0000005f25500000,0x0000005f25600000)]
  0x000001c0e4eb4060 JavaThread "Unconstrained build operations Thread 46" [_thread_blocked, id=21404, stack(0x0000005f25600000,0x0000005f25700000)]
  0x000001c0e4eb4a00 JavaThread "Unconstrained build operations Thread 47" [_thread_blocked, id=308, stack(0x0000005f25700000,0x0000005f25800000)]
  0x000001c0e4eb53a0 JavaThread "Unconstrained build operations Thread 48" [_thread_blocked, id=13416, stack(0x0000005f25800000,0x0000005f25900000)]
  0x000001c0e4ba8030 JavaThread "Unconstrained build operations Thread 49" [_thread_blocked, id=19268, stack(0x0000005f25900000,0x0000005f25a00000)]
  0x000001c0e4ba54e0 JavaThread "Unconstrained build operations Thread 50" [_thread_blocked, id=22900, stack(0x0000005f25a00000,0x0000005f25b00000)]
  0x000001c0e4ba5e80 JavaThread "Unconstrained build operations Thread 51" [_thread_blocked, id=22600, stack(0x0000005f25b00000,0x0000005f25c00000)]
  0x000001c0e4ba7b60 JavaThread "Unconstrained build operations Thread 52" [_thread_blocked, id=10156, stack(0x0000005f25c00000,0x0000005f25d00000)]
  0x000001c0e4ba71c0 JavaThread "Unconstrained build operations Thread 53" [_thread_blocked, id=8864, stack(0x0000005f25d00000,0x0000005f25e00000)]
  0x000001c0e4ba5010 JavaThread "Unconstrained build operations Thread 54" [_thread_blocked, id=13880, stack(0x0000005f25e00000,0x0000005f25f00000)]
  0x000001c0e4ba8500 JavaThread "Unconstrained build operations Thread 55" [_thread_blocked, id=4288, stack(0x0000005f25f00000,0x0000005f26000000)]
  0x000001c0e4ba4b40 JavaThread "Unconstrained build operations Thread 56" [_thread_blocked, id=14064, stack(0x0000005f26000000,0x0000005f26100000)]
  0x000001c0e4ba6350 JavaThread "Unconstrained build operations Thread 57" [_thread_blocked, id=17488, stack(0x0000005f26100000,0x0000005f26200000)]
  0x000001c0e4ba59b0 JavaThread "Unconstrained build operations Thread 58" [_thread_blocked, id=13484, stack(0x0000005f26200000,0x0000005f26300000)]
  0x000001c0e4ba6820 JavaThread "Unconstrained build operations Thread 59" [_thread_blocked, id=3412, stack(0x0000005f26300000,0x0000005f26400000)]
  0x000001c0e4ba7690 JavaThread "Unconstrained build operations Thread 60" [_thread_blocked, id=21444, stack(0x0000005f26400000,0x0000005f26500000)]
  0x000001c0e4ba6cf0 JavaThread "Unconstrained build operations Thread 61" [_thread_blocked, id=24240, stack(0x0000005f26500000,0x0000005f26600000)]
  0x000001c0e297a670 JavaThread "Unconstrained build operations Thread 62" [_thread_blocked, id=25012, stack(0x0000005f26600000,0x0000005f26700000)]
  0x000001c0e297be80 JavaThread "Unconstrained build operations Thread 63" [_thread_blocked, id=17412, stack(0x0000005f26700000,0x0000005f26800000)]
  0x000001c0e297c820 JavaThread "Unconstrained build operations Thread 64" [_thread_blocked, id=18244, stack(0x0000005f26800000,0x0000005f26900000)]
  0x000001c0e297d1c0 JavaThread "Unconstrained build operations Thread 65" [_thread_blocked, id=11828, stack(0x0000005f26900000,0x0000005f26a00000)]
  0x000001c0e297ab40 JavaThread "Unconstrained build operations Thread 66" [_thread_blocked, id=11908, stack(0x0000005f26a00000,0x0000005f26b00000)]
  0x000001c0e297b9b0 JavaThread "Unconstrained build operations Thread 67" [_thread_blocked, id=7784, stack(0x0000005f26b00000,0x0000005f26c00000)]
  0x000001c0e297b010 JavaThread "Unconstrained build operations Thread 68" [_thread_blocked, id=19468, stack(0x0000005f26c00000,0x0000005f26d00000)]
  0x000001c0e297e030 JavaThread "Unconstrained build operations Thread 69" [_thread_blocked, id=10436, stack(0x0000005f26d00000,0x0000005f26e00000)]
  0x000001c0e297b4e0 JavaThread "Unconstrained build operations Thread 70" [_thread_blocked, id=18960, stack(0x0000005f26e00000,0x0000005f26f00000)]
  0x000001c0e297ccf0 JavaThread "Unconstrained build operations Thread 71" [_thread_blocked, id=19344, stack(0x0000005f26f00000,0x0000005f27000000)]
  0x000001c0e297d690 JavaThread "Unconstrained build operations Thread 72" [_thread_blocked, id=12424, stack(0x0000005f27000000,0x0000005f27100000)]
  0x000001c0e297c350 JavaThread "Unconstrained build operations Thread 73" [_thread_blocked, id=3336, stack(0x0000005f27100000,0x0000005f27200000)]
  0x000001c0e297db60 JavaThread "Unconstrained build operations Thread 74" [_thread_blocked, id=3968, stack(0x0000005f27200000,0x0000005f27300000)]
  0x000001c0e7f4db80 JavaThread "Unconstrained build operations Thread 75" [_thread_blocked, id=5780, stack(0x0000005f27300000,0x0000005f27400000)]
  0x000001c0e7f4e050 JavaThread "Unconstrained build operations Thread 76" [_thread_blocked, id=6028, stack(0x0000005f27400000,0x0000005f27500000)]
  0x000001c0e7f4c840 JavaThread "Unconstrained build operations Thread 77" [_thread_blocked, id=11180, stack(0x0000005f27500000,0x0000005f27600000)]
  0x000001c0e7f4c370 JavaThread "Unconstrained build operations Thread 78" [_thread_blocked, id=15244, stack(0x0000005f27600000,0x0000005f27700000)]
  0x000001c0e7f4cd10 JavaThread "Unconstrained build operations Thread 79" [_thread_blocked, id=1924, stack(0x0000005f27700000,0x0000005f27800000)]
  0x000001c0e7f4d1e0 JavaThread "Unconstrained build operations Thread 80" [_thread_blocked, id=22220, stack(0x0000005f27800000,0x0000005f27900000)]
  0x000001c0e5d62a20 JavaThread "build event listener" [_thread_blocked, id=23680, stack(0x0000005f27900000,0x0000005f27a00000)]
  0x000001c0e5d61bb0 JavaThread "included builds" [_thread_blocked, id=25312, stack(0x0000005f27a00000,0x0000005f27b00000)]
  0x000001c0e42d4a10 JavaThread "Execution worker" [_thread_blocked, id=10044, stack(0x0000005f27b00000,0x0000005f27c00000)]
  0x000001c0e42d3200 JavaThread "Execution worker Thread 2" [_thread_blocked, id=20060, stack(0x0000005f27f00000,0x0000005f28000000)]
  0x000001c0e42d6220 JavaThread "Execution worker Thread 3" [_thread_blocked, id=14916, stack(0x0000005f28000000,0x0000005f28100000)]
  0x000001c0e42d4ee0 JavaThread "Execution worker Thread 4" [_thread_blocked, id=4976, stack(0x0000005f28100000,0x0000005f28200000)]
  0x000001c0e42d66f0 JavaThread "Execution worker Thread 5" [_thread_blocked, id=18204, stack(0x0000005f28200000,0x0000005f28300000)]
  0x000001c0e42d6bc0 JavaThread "Execution worker Thread 6" [_thread_blocked, id=20528, stack(0x0000005f28400000,0x0000005f28500000)]
  0x000001c0e42d3ba0 JavaThread "Execution worker Thread 7" [_thread_blocked, id=1996, stack(0x0000005f28500000,0x0000005f28600000)]
  0x000001c0e5d62080 JavaThread "Cache worker for execution history cache (C:\Users\ADMIN\Chatalk\.gradle\8.0\executionHistory)" [_thread_blocked, id=14648, stack(0x0000005f28600000,0x0000005f28700000)]
  0x000001c0deb2e8d0 JavaThread "Build operations" [_thread_blocked, id=6480, stack(0x0000005f28700000,0x0000005f28800000)]
  0x000001c0deb305b0 JavaThread "Build operations Thread 2" [_thread_blocked, id=20940, stack(0x0000005f28800000,0x0000005f28900000)]
  0x000001c0deb2eda0 JavaThread "Build operations Thread 3" [_thread_blocked, id=18616, stack(0x0000005f28900000,0x0000005f28a00000)]
  0x000001c0deb2d0c0 JavaThread "Build operations Thread 4" [_thread_blocked, id=14220, stack(0x0000005f28a00000,0x0000005f28b00000)]
  0x000001c0deb2df30 JavaThread "Build operations Thread 5" [_thread_blocked, id=9148, stack(0x0000005f28b00000,0x0000005f28c00000)]
  0x000001c0deb2da60 JavaThread "Build operations Thread 6" [_thread_blocked, id=17256, stack(0x0000005f28c00000,0x0000005f28d00000)]
  0x000001c0deb2e400 JavaThread "Build operations Thread 7" [_thread_blocked, id=11136, stack(0x0000005f28d00000,0x0000005f28e00000)]
  0x000001c0deb2f270 JavaThread "Build operations Thread 8" [_thread_blocked, id=16576, stack(0x0000005f28e00000,0x0000005f28f00000)]
  0x000001c0e7f4e520 JavaThread "WorkerExecutor Queue" [_thread_blocked, id=9744, stack(0x0000005f29000000,0x0000005f29100000)]
  0x000001c0e7f4bea0 JavaThread "WorkerExecutor Queue Thread 2" [_thread_blocked, id=20388, stack(0x0000005f29100000,0x0000005f29200000)]
  0x000001c0e7f4b030 JavaThread "WorkerExecutor Queue Thread 3" [_thread_blocked, id=11192, stack(0x0000005f29200000,0x0000005f29300000)]
  0x000001c0e7f4e9f0 JavaThread "WorkerExecutor Queue Thread 4" [_thread_blocked, id=24716, stack(0x0000005f29300000,0x0000005f29400000)]
  0x000001c0e7f4b9d0 JavaThread "WorkerExecutor Queue Thread 5" [_thread_blocked, id=15472, stack(0x0000005f29400000,0x0000005f29500000)]
  0x000001c0e5d62550 JavaThread "WorkerExecutor Queue Thread 6" [_thread_blocked, id=2748, stack(0x0000005f29500000,0x0000005f29600000)]
  0x000001c0e5d5f060 JavaThread "WorkerExecutor Queue Thread 7" [_thread_blocked, id=9664, stack(0x0000005f29600000,0x0000005f29700000)]
  0x000001c0e5d603a0 JavaThread "WorkerExecutor Queue Thread 8" [_thread_blocked, id=20516, stack(0x0000005f29700000,0x0000005f29800000)]
  0x000001c0e5d60870 JavaThread "WorkerExecutor Queue Thread 9" [_thread_blocked, id=2016, stack(0x0000005f29800000,0x0000005f29900000)]
  0x000001c0dfd5b510 JavaThread "C2 CompilerThread1" daemon [_thread_blocked, id=996, stack(0x0000005f29900000,0x0000005f29a00000)]
  0x000001c0df993310 JavaThread "C2 CompilerThread2" daemon [_thread_blocked, id=24100, stack(0x0000005f29a00000,0x0000005f29b00000)]
  0x000001c0e356d660 JavaThread "ForkJoinPool.commonPool-worker-125" daemon [_thread_blocked, id=23748, stack(0x0000005f29b00000,0x0000005f29c00000)]
  0x000001c0e356ccc0 JavaThread "ForkJoinPool.commonPool-worker-126" daemon [_thread_blocked, id=4276, stack(0x0000005f29c00000,0x0000005f29d00000)]
  0x000001c0e7f4d6b0 JavaThread "ForkJoinPool.commonPool-worker-127" daemon [_thread_blocked, id=25596, stack(0x0000005f29d00000,0x0000005f29e00000)]
  0x000001c0dc986670 JavaThread "ForkJoinPool.commonPool-worker-128" daemon [_thread_blocked, id=9984, stack(0x0000005f29e00000,0x0000005f29f00000)]
  0x000001c0e2922530 JavaThread "ForkJoinPool.commonPool-worker-129" daemon [_thread_blocked, id=23164, stack(0x0000005f29f00000,0x0000005f2a000000)]
  0x000001c0e7c63a20 JavaThread "ForkJoinPool.commonPool-worker-130" daemon [_thread_blocked, id=5356, stack(0x0000005f2a000000,0x0000005f2a100000)]
  0x000001c0dc98a030 JavaThread "ForkJoinPool.commonPool-worker-131" daemon [_thread_blocked, id=24608, stack(0x0000005f2a100000,0x0000005f2a200000)]

Other Threads:
=>0x000001c0db0ce760 VMThread "VM Thread" [stack: 0x0000005f1fa00000,0x0000005f1fb00000] [id=25472]
  0x000001c0dbdb7540 WatcherThread [stack: 0x0000005f20600000,0x0000005f20700000] [id=19736]
  0x000001c0bb3ba7d0 GCTaskThread "GC Thread#0" [stack: 0x0000005f1f500000,0x0000005f1f600000] [id=6720]
  0x000001c0dc8759f0 GCTaskThread "GC Thread#1" [stack: 0x0000005f20900000,0x0000005f20a00000] [id=17460]
  0x000001c0dc875ca0 GCTaskThread "GC Thread#2" [stack: 0x0000005f20a00000,0x0000005f20b00000] [id=9392]
  0x000001c0dcb69c50 GCTaskThread "GC Thread#3" [stack: 0x0000005f20b00000,0x0000005f20c00000] [id=12536]
  0x000001c0dcb69f00 GCTaskThread "GC Thread#4" [stack: 0x0000005f20c00000,0x0000005f20d00000] [id=1052]
  0x000001c0dc1435d0 GCTaskThread "GC Thread#5" [stack: 0x0000005f20d00000,0x0000005f20e00000] [id=12468]
  0x000001c0de02bd50 GCTaskThread "GC Thread#6" [stack: 0x0000005f20700000,0x0000005f20800000] [id=23768]
  0x000001c0dcf48a50 GCTaskThread "GC Thread#7" [stack: 0x0000005f20800000,0x0000005f20900000] [id=20560]
  0x000001c0bb3c4710 ConcurrentGCThread "G1 Main Marker" [stack: 0x0000005f1f600000,0x0000005f1f700000] [id=18044]
  0x000001c0bb3c5120 ConcurrentGCThread "G1 Conc#0" [stack: 0x0000005f1f700000,0x0000005f1f800000] [id=18888]
  0x000001c0dd7c8be0 ConcurrentGCThread "G1 Conc#1" [stack: 0x0000005f21800000,0x0000005f21900000] [id=4656]
  0x000001c0bb40d5c0 ConcurrentGCThread "G1 Refine#0" [stack: 0x0000005f1f800000,0x0000005f1f900000] [id=17224]
  0x000001c0de13f1f0 ConcurrentGCThread "G1 Refine#1" [stack: 0x0000005f21c00000,0x0000005f21d00000] [id=1804]
  0x000001c0bb40dfe0 ConcurrentGCThread "G1 Service" [stack: 0x0000005f1f900000,0x0000005f1fa00000] [id=9544]

Threads with active compile tasks:

VM state: at safepoint (normal execution)

VM Mutex/Monitor currently owned by a thread:  ([mutex/lock_event])
[0x000001c0bb346650] Threads_lock - owner thread: 0x000001c0db0ce760
[0x000001c0bb346920] Heap_lock - owner thread: 0x000001c0e356ccc0

Heap address: 0x00000006e0000000, size: 4608 MB, Compressed Oops mode: Zero based, Oop shift amount: 3

CDS archive(s) not mapped
Compressed class space mapped at: 0x0000000800000000-0x0000000840000000, reserved size: 1073741824
Narrow klass base: 0x0000000800000000, Narrow klass shift: 0, Narrow klass range: 0x40000000

GC Precious Log:
 CPUs: 8 total, 8 available
 Memory: 16179M
 Large Page Support: Disabled
 NUMA Support: Disabled
 Compressed Oops: Enabled (Zero based)
 Heap Region Size: 4M
 Heap Min Capacity: 8M
 Heap Initial Capacity: 256M
 Heap Max Capacity: 4608M
 Pre-touch: Disabled
 Parallel Workers: 8
 Concurrent Workers: 2
 Concurrent Refinement Workers: 8
 Periodic GC: Disabled

Heap:
 garbage-first heap   total 643072K, used 170687K [0x00000006e0000000, 0x0000000800000000)
  region size 4096K, 6 young (24576K), 6 survivors (24576K)
 Metaspace       used 142882K, committed 144960K, reserved 1179648K
  class space    used 18581K, committed 19648K, reserved 1048576K

Heap Regions: E=young(eden), S=young(survivor), O=old, HS=humongous(starts), HC=humongous(continues), CS=collection set, F=free, OA=open archive, CA=closed archive, TAMS=top-at-mark-start (previous, next)
|   0|0x00000006e0000000, 0x00000006e0400000, 0x00000006e0400000|100%|HS|  |TAMS 0x00000006e0400000, 0x00000006e0400000| Complete 
|   1|0x00000006e0400000, 0x00000006e0800000, 0x00000006e0800000|100%| O|  |TAMS 0x00000006e0800000, 0x00000006e0800000| Untracked 
|   2|0x00000006e0800000, 0x00000006e0c00000, 0x00000006e0c00000|100%| O|  |TAMS 0x00000006e0c00000, 0x00000006e0c00000| Untracked 
|   3|0x00000006e0c00000, 0x00000006e1000000, 0x00000006e1000000|100%| O|  |TAMS 0x00000006e1000000, 0x00000006e1000000| Untracked 
|   4|0x00000006e1000000, 0x00000006e1400000, 0x00000006e1400000|100%| O|  |TAMS 0x00000006e1400000, 0x00000006e1400000| Untracked 
|   5|0x00000006e1400000, 0x00000006e1800000, 0x00000006e1800000|100%| O|  |TAMS 0x00000006e1800000, 0x00000006e1800000| Untracked 
|   6|0x00000006e1800000, 0x00000006e1c00000, 0x00000006e1c00000|100%| O|  |TAMS 0x00000006e1c00000, 0x00000006e1c00000| Untracked 
|   7|0x00000006e1c00000, 0x00000006e2000000, 0x00000006e2000000|100%| O|  |TAMS 0x00000006e1c00000, 0x00000006e2000000| Untracked 
|   8|0x00000006e2000000, 0x00000006e2400000, 0x00000006e2400000|100%| O|  |TAMS 0x00000006e2400000, 0x00000006e2400000| Untracked 
|   9|0x00000006e2400000, 0x00000006e2800000, 0x00000006e2800000|100%| O|  |TAMS 0x00000006e2800000, 0x00000006e2800000| Untracked 
|  10|0x00000006e2800000, 0x00000006e2c00000, 0x00000006e2c00000|100%| O|  |TAMS 0x00000006e2c00000, 0x00000006e2c00000| Untracked 
|  11|0x00000006e2c00000, 0x00000006e2c00000, 0x00000006e3000000|  0%| F|  |TAMS 0x00000006e2c00000, 0x00000006e2c00000| Untracked 
|  12|0x00000006e3000000, 0x00000006e3400000, 0x00000006e3400000|100%| O|  |TAMS 0x00000006e3400000, 0x00000006e3400000| Untracked 
|  13|0x00000006e3400000, 0x00000006e3800000, 0x00000006e3800000|100%| O|  |TAMS 0x00000006e3800000, 0x00000006e3800000| Untracked 
|  14|0x00000006e3800000, 0x00000006e3c00000, 0x00000006e3c00000|100%| O|  |TAMS 0x00000006e3c00000, 0x00000006e3c00000| Untracked 
|  15|0x00000006e3c00000, 0x00000006e4000000, 0x00000006e4000000|100%| O|  |TAMS 0x00000006e4000000, 0x00000006e4000000| Untracked 
|  16|0x00000006e4000000, 0x00000006e4400000, 0x00000006e4400000|100%| O|  |TAMS 0x00000006e4400000, 0x00000006e4400000| Untracked 
|  17|0x00000006e4400000, 0x00000006e4800000, 0x00000006e4800000|100%| O|  |TAMS 0x00000006e4800000, 0x00000006e4800000| Untracked 
|  18|0x00000006e4800000, 0x00000006e4c00000, 0x00000006e4c00000|100%| O|  |TAMS 0x00000006e4800000, 0x00000006e4c00000| Untracked 
|  19|0x00000006e4c00000, 0x00000006e5000000, 0x00000006e5000000|100%| O|  |TAMS 0x00000006e5000000, 0x00000006e5000000| Untracked 
|  20|0x00000006e5000000, 0x00000006e5400000, 0x00000006e5400000|100%| O|  |TAMS 0x00000006e5400000, 0x00000006e5400000| Untracked 
|  21|0x00000006e5400000, 0x00000006e5400000, 0x00000006e5800000|  0%| F|  |TAMS 0x00000006e5400000, 0x00000006e5400000| Untracked 
|  22|0x00000006e5800000, 0x00000006e5c00000, 0x00000006e5c00000|100%| O|  |TAMS 0x00000006e5c00000, 0x00000006e5c00000| Untracked 
|  23|0x00000006e5c00000, 0x00000006e6000000, 0x00000006e6000000|100%| O|  |TAMS 0x00000006e6000000, 0x00000006e6000000| Untracked 
|  24|0x00000006e6000000, 0x00000006e6400000, 0x00000006e6400000|100%| O|  |TAMS 0x00000006e6000000, 0x00000006e6400000| Untracked 
|  25|0x00000006e6400000, 0x00000006e6800000, 0x00000006e6800000|100%| O|  |TAMS 0x00000006e6800000, 0x00000006e6800000| Untracked 
|  26|0x00000006e6800000, 0x00000006e6800000, 0x00000006e6c00000|  0%| F|  |TAMS 0x00000006e6800000, 0x00000006e6800000| Untracked 
|  27|0x00000006e6c00000, 0x00000006e7000000, 0x00000006e7000000|100%| O|  |TAMS 0x00000006e7000000, 0x00000006e7000000| Untracked 
|  28|0x00000006e7000000, 0x00000006e7400000, 0x00000006e7400000|100%| O|  |TAMS 0x00000006e7400000, 0x00000006e7400000| Untracked 
|  29|0x00000006e7400000, 0x00000006e7800000, 0x00000006e7800000|100%| O|  |TAMS 0x00000006e7400000, 0x00000006e7800000| Untracked 
|  30|0x00000006e7800000, 0x00000006e7c00000, 0x00000006e7c00000|100%| O|  |TAMS 0x00000006e7c00000, 0x00000006e7c00000| Untracked 
|  31|0x00000006e7c00000, 0x00000006e8000000, 0x00000006e8000000|100%| O|  |TAMS 0x00000006e8000000, 0x00000006e8000000| Untracked 
|  32|0x00000006e8000000, 0x00000006e8400000, 0x00000006e8400000|100%| O|  |TAMS 0x00000006e8400000, 0x00000006e8400000| Untracked 
|  33|0x00000006e8400000, 0x00000006e8800000, 0x00000006e8800000|100%| O|  |TAMS 0x00000006e8800000, 0x00000006e8800000| Untracked 
|  34|0x00000006e8800000, 0x00000006e8800000, 0x00000006e8c00000|  0%| F|  |TAMS 0x00000006e8800000, 0x00000006e8800000| Untracked 
|  35|0x00000006e8c00000, 0x00000006e9000000, 0x00000006e9000000|100%| O|  |TAMS 0x00000006e9000000, 0x00000006e9000000| Untracked 
|  36|0x00000006e9000000, 0x00000006e9400000, 0x00000006e9400000|100%| O|  |TAMS 0x00000006e9400000, 0x00000006e9400000| Untracked 
|  37|0x00000006e9400000, 0x00000006e957a200, 0x00000006e9800000| 36%| O|  |TAMS 0x00000006e9400000, 0x00000006e957a200| Untracked 
|  38|0x00000006e9800000, 0x00000006e9800000, 0x00000006e9c00000|  0%| F|  |TAMS 0x00000006e9800000, 0x00000006e9800000| Untracked 
|  39|0x00000006e9c00000, 0x00000006e9c00000, 0x00000006ea000000|  0%| F|  |TAMS 0x00000006e9c00000, 0x00000006e9c00000| Untracked 
|  40|0x00000006ea000000, 0x00000006ea000000, 0x00000006ea400000|  0%| F|  |TAMS 0x00000006ea000000, 0x00000006ea000000| Untracked 
|  41|0x00000006ea400000, 0x00000006ea400000, 0x00000006ea800000|  0%| F|  |TAMS 0x00000006ea400000, 0x00000006ea400000| Untracked 
|  42|0x00000006ea800000, 0x00000006eac00000, 0x00000006eac00000|100%| O|  |TAMS 0x00000006eac00000, 0x00000006eac00000| Untracked 
|  43|0x00000006eac00000, 0x00000006eb000000, 0x00000006eb000000|100%| O|  |TAMS 0x00000006eb000000, 0x00000006eb000000| Untracked 
|  44|0x00000006eb000000, 0x00000006eb400000, 0x00000006eb400000|100%| O|  |TAMS 0x00000006eb400000, 0x00000006eb400000| Untracked 
|  45|0x00000006eb400000, 0x00000006eb400000, 0x00000006eb800000|  0%| F|  |TAMS 0x00000006eb400000, 0x00000006eb400000| Untracked 
|  46|0x00000006eb800000, 0x00000006eb800000, 0x00000006ebc00000|  0%| F|  |TAMS 0x00000006eb800000, 0x00000006eb800000| Untracked 
|  47|0x00000006ebc00000, 0x00000006ebc00000, 0x00000006ec000000|  0%| F|  |TAMS 0x00000006ebc00000, 0x00000006ebc00000| Untracked 
|  48|0x00000006ec000000, 0x00000006ec000000, 0x00000006ec400000|  0%| F|  |TAMS 0x00000006ec000000, 0x00000006ec000000| Untracked 
|  49|0x00000006ec400000, 0x00000006ec400000, 0x00000006ec800000|  0%| F|  |TAMS 0x00000006ec400000, 0x00000006ec400000| Untracked 
|  50|0x00000006ec800000, 0x00000006ec800000, 0x00000006ecc00000|  0%| F|  |TAMS 0x00000006ec800000, 0x00000006ec800000| Untracked 
|  51|0x00000006ecc00000, 0x00000006ecc00000, 0x00000006ed000000|  0%| F|  |TAMS 0x00000006ecc00000, 0x00000006ecc00000| Untracked 
|  52|0x00000006ed000000, 0x00000006ed000000, 0x00000006ed400000|  0%| F|  |TAMS 0x00000006ed000000, 0x00000006ed000000| Untracked 
|  53|0x00000006ed400000, 0x00000006ed400000, 0x00000006ed800000|  0%| F|  |TAMS 0x00000006ed400000, 0x00000006ed400000| Untracked 
|  54|0x00000006ed800000, 0x00000006ed800000, 0x00000006edc00000|  0%| F|  |TAMS 0x00000006ed800000, 0x00000006ed800000| Untracked 
|  55|0x00000006edc00000, 0x00000006edc00000, 0x00000006ee000000|  0%| F|  |TAMS 0x00000006edc00000, 0x00000006edc00000| Untracked 
|  56|0x00000006ee000000, 0x00000006ee000000, 0x00000006ee400000|  0%| F|  |TAMS 0x00000006ee000000, 0x00000006ee000000| Untracked 
|  57|0x00000006ee400000, 0x00000006ee400000, 0x00000006ee800000|  0%| F|  |TAMS 0x00000006ee400000, 0x00000006ee400000| Untracked 
|  58|0x00000006ee800000, 0x00000006ee800000, 0x00000006eec00000|  0%| F|  |TAMS 0x00000006ee800000, 0x00000006ee800000| Untracked 
|  59|0x00000006eec00000, 0x00000006eec00000, 0x00000006ef000000|  0%| F|  |TAMS 0x00000006eec00000, 0x00000006eec00000| Untracked 
|  60|0x00000006ef000000, 0x00000006ef000000, 0x00000006ef400000|  0%| F|  |TAMS 0x00000006ef000000, 0x00000006ef000000| Untracked 
|  61|0x00000006ef400000, 0x00000006ef400000, 0x00000006ef800000|  0%| F|  |TAMS 0x00000006ef400000, 0x00000006ef400000| Untracked 
|  62|0x00000006ef800000, 0x00000006ef800000, 0x00000006efc00000|  0%| F|  |TAMS 0x00000006ef800000, 0x00000006ef800000| Untracked 
|  63|0x00000006efc00000, 0x00000006efc00000, 0x00000006f0000000|  0%| F|  |TAMS 0x00000006efc00000, 0x00000006efc00000| Untracked 
|  64|0x00000006f0000000, 0x00000006f0135de0, 0x00000006f0400000| 30%| S|CS|TAMS 0x00000006f0000000, 0x00000006f0000000| Complete 
|  65|0x00000006f0400000, 0x00000006f0800000, 0x00000006f0800000|100%| S|CS|TAMS 0x00000006f0400000, 0x00000006f0400000| Complete 
|  66|0x00000006f0800000, 0x00000006f0c00000, 0x00000006f0c00000|100%| S|CS|TAMS 0x00000006f0800000, 0x00000006f0800000| Complete 
|  67|0x00000006f0c00000, 0x00000006f1000000, 0x00000006f1000000|100%| S|CS|TAMS 0x00000006f0c00000, 0x00000006f0c00000| Complete 
|  68|0x00000006f1000000, 0x00000006f1400000, 0x00000006f1400000|100%| S|CS|TAMS 0x00000006f1000000, 0x00000006f1000000| Complete 
|  69|0x00000006f1400000, 0x00000006f1800000, 0x00000006f1800000|100%| S|CS|TAMS 0x00000006f1400000, 0x00000006f1400000| Complete 
|  70|0x00000006f1800000, 0x00000006f1800000, 0x00000006f1c00000|  0%| F|  |TAMS 0x00000006f1800000, 0x00000006f1800000| Untracked 
|  71|0x00000006f1c00000, 0x00000006f1c00000, 0x00000006f2000000|  0%| F|  |TAMS 0x00000006f1c00000, 0x00000006f1c00000| Untracked 
|  72|0x00000006f2000000, 0x00000006f2000000, 0x00000006f2400000|  0%| F|  |TAMS 0x00000006f2000000, 0x00000006f2000000| Untracked 
|  73|0x00000006f2400000, 0x00000006f2400000, 0x00000006f2800000|  0%| F|  |TAMS 0x00000006f2400000, 0x00000006f2400000| Untracked 
|  74|0x00000006f2800000, 0x00000006f2800000, 0x00000006f2c00000|  0%| F|  |TAMS 0x00000006f2800000, 0x00000006f2800000| Untracked 
|  75|0x00000006f2c00000, 0x00000006f2c00000, 0x00000006f3000000|  0%| F|  |TAMS 0x00000006f2c00000, 0x00000006f2c00000| Untracked 
|  76|0x00000006f3000000, 0x00000006f3000000, 0x00000006f3400000|  0%| F|  |TAMS 0x00000006f3000000, 0x00000006f3000000| Untracked 
|  77|0x00000006f3400000, 0x00000006f3400000, 0x00000006f3800000|  0%| F|  |TAMS 0x00000006f3400000, 0x00000006f3400000| Untracked 
|  78|0x00000006f3800000, 0x00000006f3800000, 0x00000006f3c00000|  0%| F|  |TAMS 0x00000006f3800000, 0x00000006f3800000| Untracked 
|  79|0x00000006f3c00000, 0x00000006f3c00000, 0x00000006f4000000|  0%| F|  |TAMS 0x00000006f3c00000, 0x00000006f3c00000| Untracked 
|  80|0x00000006f4000000, 0x00000006f4000000, 0x00000006f4400000|  0%| F|  |TAMS 0x00000006f4000000, 0x00000006f4000000| Untracked 
|  81|0x00000006f4400000, 0x00000006f4400000, 0x00000006f4800000|  0%| F|  |TAMS 0x00000006f4400000, 0x00000006f4400000| Untracked 
|  82|0x00000006f4800000, 0x00000006f4800000, 0x00000006f4c00000|  0%| F|  |TAMS 0x00000006f4800000, 0x00000006f4800000| Untracked 
|  83|0x00000006f4c00000, 0x00000006f4c00000, 0x00000006f5000000|  0%| F|  |TAMS 0x00000006f4c00000, 0x00000006f4c00000| Untracked 
|  84|0x00000006f5000000, 0x00000006f5000000, 0x00000006f5400000|  0%| F|  |TAMS 0x00000006f5000000, 0x00000006f5000000| Untracked 
|  85|0x00000006f5400000, 0x00000006f5400000, 0x00000006f5800000|  0%| F|  |TAMS 0x00000006f5400000, 0x00000006f5400000| Untracked 
|  86|0x00000006f5800000, 0x00000006f5800000, 0x00000006f5c00000|  0%| F|  |TAMS 0x00000006f5800000, 0x00000006f5800000| Untracked 
|  87|0x00000006f5c00000, 0x00000006f5c00000, 0x00000006f6000000|  0%| F|  |TAMS 0x00000006f5c00000, 0x00000006f5c00000| Untracked 
|  88|0x00000006f6000000, 0x00000006f6000000, 0x00000006f6400000|  0%| F|  |TAMS 0x00000006f6000000, 0x00000006f6000000| Untracked 
|  89|0x00000006f6400000, 0x00000006f6400000, 0x00000006f6800000|  0%| F|  |TAMS 0x00000006f6400000, 0x00000006f6400000| Untracked 
|  90|0x00000006f6800000, 0x00000006f6800000, 0x00000006f6c00000|  0%| F|  |TAMS 0x00000006f6800000, 0x00000006f6800000| Untracked 
|  91|0x00000006f6c00000, 0x00000006f6c00000, 0x00000006f7000000|  0%| F|  |TAMS 0x00000006f6c00000, 0x00000006f6c00000| Untracked 
|  92|0x00000006f7000000, 0x00000006f7000000, 0x00000006f7400000|  0%| F|  |TAMS 0x00000006f7000000, 0x00000006f7000000| Untracked 
|  93|0x00000006f7400000, 0x00000006f7400000, 0x00000006f7800000|  0%| F|  |TAMS 0x00000006f7400000, 0x00000006f7400000| Untracked 
|  94|0x00000006f7800000, 0x00000006f7800000, 0x00000006f7c00000|  0%| F|  |TAMS 0x00000006f7800000, 0x00000006f7800000| Untracked 
|  95|0x00000006f7c00000, 0x00000006f7c00000, 0x00000006f8000000|  0%| F|  |TAMS 0x00000006f7c00000, 0x00000006f7c00000| Untracked 
|  96|0x00000006f8000000, 0x00000006f8000000, 0x00000006f8400000|  0%| F|  |TAMS 0x00000006f8000000, 0x00000006f8000000| Untracked 
|  97|0x00000006f8400000, 0x00000006f8400000, 0x00000006f8800000|  0%| F|  |TAMS 0x00000006f8400000, 0x00000006f8400000| Untracked 
|  98|0x00000006f8800000, 0x00000006f8800000, 0x00000006f8c00000|  0%| F|  |TAMS 0x00000006f8800000, 0x00000006f8800000| Untracked 
|  99|0x00000006f8c00000, 0x00000006f8c00000, 0x00000006f9000000|  0%| F|  |TAMS 0x00000006f8c00000, 0x00000006f8c00000| Untracked 
| 100|0x00000006f9000000, 0x00000006f9000000, 0x00000006f9400000|  0%| F|  |TAMS 0x00000006f9000000, 0x00000006f9000000| Untracked 
| 101|0x00000006f9400000, 0x00000006f9400000, 0x00000006f9800000|  0%| F|  |TAMS 0x00000006f9400000, 0x00000006f9400000| Untracked 
| 102|0x00000006f9800000, 0x00000006f9800000, 0x00000006f9c00000|  0%| F|  |TAMS 0x00000006f9800000, 0x00000006f9800000| Untracked 
| 103|0x00000006f9c00000, 0x00000006f9c00000, 0x00000006fa000000|  0%| F|  |TAMS 0x00000006f9c00000, 0x00000006f9c00000| Untracked 
| 104|0x00000006fa000000, 0x00000006fa000000, 0x00000006fa400000|  0%| F|  |TAMS 0x00000006fa000000, 0x00000006fa000000| Untracked 
| 105|0x00000006fa400000, 0x00000006fa400000, 0x00000006fa800000|  0%| F|  |TAMS 0x00000006fa400000, 0x00000006fa400000| Untracked 
| 106|0x00000006fa800000, 0x00000006fa800000, 0x00000006fac00000|  0%| F|  |TAMS 0x00000006fa800000, 0x00000006fa800000| Untracked 
| 107|0x00000006fac00000, 0x00000006fac00000, 0x00000006fb000000|  0%| F|  |TAMS 0x00000006fac00000, 0x00000006fac00000| Untracked 
| 108|0x00000006fb000000, 0x00000006fb000000, 0x00000006fb400000|  0%| F|  |TAMS 0x00000006fb000000, 0x00000006fb000000| Untracked 
| 109|0x00000006fb400000, 0x00000006fb400000, 0x00000006fb800000|  0%| F|  |TAMS 0x00000006fb400000, 0x00000006fb400000| Untracked 
| 110|0x00000006fb800000, 0x00000006fb800000, 0x00000006fbc00000|  0%| F|  |TAMS 0x00000006fb800000, 0x00000006fb800000| Untracked 
| 111|0x00000006fbc00000, 0x00000006fbc00000, 0x00000006fc000000|  0%| F|  |TAMS 0x00000006fbc00000, 0x00000006fbc00000| Untracked 
| 112|0x00000006fc000000, 0x00000006fc000000, 0x00000006fc400000|  0%| F|  |TAMS 0x00000006fc000000, 0x00000006fc000000| Untracked 
| 113|0x00000006fc400000, 0x00000006fc400000, 0x00000006fc800000|  0%| F|  |TAMS 0x00000006fc400000, 0x00000006fc400000| Untracked 
| 114|0x00000006fc800000, 0x00000006fc800000, 0x00000006fcc00000|  0%| F|  |TAMS 0x00000006fc800000, 0x00000006fc800000| Untracked 
| 115|0x00000006fcc00000, 0x00000006fcc00000, 0x00000006fd000000|  0%| F|  |TAMS 0x00000006fcc00000, 0x00000006fcc00000| Untracked 
| 116|0x00000006fd000000, 0x00000006fd000000, 0x00000006fd400000|  0%| F|  |TAMS 0x00000006fd000000, 0x00000006fd000000| Untracked 
| 117|0x00000006fd400000, 0x00000006fd400000, 0x00000006fd800000|  0%| F|  |TAMS 0x00000006fd400000, 0x00000006fd400000| Untracked 
| 118|0x00000006fd800000, 0x00000006fd800000, 0x00000006fdc00000|  0%| F|  |TAMS 0x00000006fd800000, 0x00000006fd800000| Untracked 
| 119|0x00000006fdc00000, 0x00000006fdc00000, 0x00000006fe000000|  0%| F|  |TAMS 0x00000006fdc00000, 0x00000006fdc00000| Untracked 
| 120|0x00000006fe000000, 0x00000006fe000000, 0x00000006fe400000|  0%| F|  |TAMS 0x00000006fe000000, 0x00000006fe000000| Untracked 
| 121|0x00000006fe400000, 0x00000006fe400000, 0x00000006fe800000|  0%| F|  |TAMS 0x00000006fe400000, 0x00000006fe400000| Untracked 
| 122|0x00000006fe800000, 0x00000006fe800000, 0x00000006fec00000|  0%| F|  |TAMS 0x00000006fe800000, 0x00000006fe800000| Untracked 
| 123|0x00000006fec00000, 0x00000006fec00000, 0x00000006ff000000|  0%| F|  |TAMS 0x00000006fec00000, 0x00000006fec00000| Untracked 
| 124|0x00000006ff000000, 0x00000006ff000000, 0x00000006ff400000|  0%| F|  |TAMS 0x00000006ff000000, 0x00000006ff000000| Untracked 
| 125|0x00000006ff400000, 0x00000006ff400000, 0x00000006ff800000|  0%| F|  |TAMS 0x00000006ff400000, 0x00000006ff400000| Untracked 
| 126|0x00000006ff800000, 0x00000006ff800000, 0x00000006ffc00000|  0%| F|  |TAMS 0x00000006ff800000, 0x00000006ff800000| Untracked 
| 127|0x00000006ffc00000, 0x00000006ffc00000, 0x0000000700000000|  0%| F|  |TAMS 0x00000006ffc00000, 0x00000006ffc00000| Untracked 
| 128|0x0000000700000000, 0x0000000700000000, 0x0000000700400000|  0%| F|  |TAMS 0x0000000700000000, 0x0000000700000000| Untracked 
| 129|0x0000000700400000, 0x0000000700400000, 0x0000000700800000|  0%| F|  |TAMS 0x0000000700400000, 0x0000000700400000| Untracked 
| 130|0x0000000700800000, 0x0000000700800000, 0x0000000700c00000|  0%| F|  |TAMS 0x0000000700800000, 0x0000000700800000| Untracked 
| 131|0x0000000700c00000, 0x0000000700c00000, 0x0000000701000000|  0%| F|  |TAMS 0x0000000700c00000, 0x0000000700c00000| Untracked 
| 132|0x0000000701000000, 0x0000000701000000, 0x0000000701400000|  0%| F|  |TAMS 0x0000000701000000, 0x0000000701000000| Untracked 
| 133|0x0000000701400000, 0x0000000701400000, 0x0000000701800000|  0%| F|  |TAMS 0x0000000701400000, 0x0000000701400000| Untracked 
| 134|0x0000000701800000, 0x0000000701800000, 0x0000000701c00000|  0%| F|  |TAMS 0x0000000701800000, 0x0000000701800000| Untracked 
| 135|0x0000000701c00000, 0x0000000701c00000, 0x0000000702000000|  0%| F|  |TAMS 0x0000000701c00000, 0x0000000701c00000| Untracked 
| 136|0x0000000702000000, 0x0000000702000000, 0x0000000702400000|  0%| F|  |TAMS 0x0000000702000000, 0x0000000702000000| Untracked 
| 137|0x0000000702400000, 0x0000000702400000, 0x0000000702800000|  0%| F|  |TAMS 0x0000000702400000, 0x0000000702400000| Untracked 
| 138|0x0000000702800000, 0x0000000702800000, 0x0000000702c00000|  0%| F|  |TAMS 0x0000000702800000, 0x0000000702800000| Untracked 
| 139|0x0000000702c00000, 0x0000000702c00000, 0x0000000703000000|  0%| F|  |TAMS 0x0000000702c00000, 0x0000000702c00000| Untracked 
| 140|0x0000000703000000, 0x0000000703000000, 0x0000000703400000|  0%| F|  |TAMS 0x0000000703000000, 0x0000000703000000| Untracked 
| 141|0x0000000703400000, 0x0000000703400000, 0x0000000703800000|  0%| F|  |TAMS 0x0000000703400000, 0x0000000703400000| Untracked 
| 142|0x0000000703800000, 0x0000000703800000, 0x0000000703c00000|  0%| F|  |TAMS 0x0000000703800000, 0x0000000703800000| Untracked 
| 143|0x0000000703c00000, 0x0000000703c00000, 0x0000000704000000|  0%| F|  |TAMS 0x0000000703c00000, 0x0000000703c00000| Untracked 
| 144|0x0000000704000000, 0x0000000704000000, 0x0000000704400000|  0%| F|  |TAMS 0x0000000704000000, 0x0000000704000000| Untracked 
| 145|0x0000000704400000, 0x0000000704400000, 0x0000000704800000|  0%| F|  |TAMS 0x0000000704400000, 0x0000000704400000| Untracked 
| 146|0x0000000704800000, 0x0000000704800000, 0x0000000704c00000|  0%| F|  |TAMS 0x0000000704800000, 0x0000000704800000| Untracked 
| 147|0x0000000704c00000, 0x0000000704c00000, 0x0000000705000000|  0%| F|  |TAMS 0x0000000704c00000, 0x0000000704c00000| Untracked 
| 148|0x0000000705000000, 0x0000000705000000, 0x0000000705400000|  0%| F|  |TAMS 0x0000000705000000, 0x0000000705000000| Untracked 
| 149|0x0000000705400000, 0x0000000705400000, 0x0000000705800000|  0%| F|  |TAMS 0x0000000705400000, 0x0000000705400000| Untracked 
| 150|0x0000000705800000, 0x0000000705800000, 0x0000000705c00000|  0%| F|  |TAMS 0x0000000705800000, 0x0000000705800000| Untracked 
| 151|0x0000000705c00000, 0x0000000705c00000, 0x0000000706000000|  0%| F|  |TAMS 0x0000000705c00000, 0x0000000705c00000| Untracked 
| 152|0x0000000706000000, 0x0000000706000000, 0x0000000706400000|  0%| F|  |TAMS 0x0000000706000000, 0x0000000706000000| Untracked 
| 153|0x0000000706400000, 0x0000000706400000, 0x0000000706800000|  0%| F|  |TAMS 0x0000000706400000, 0x0000000706400000| Untracked 
| 477|0x0000000757400000, 0x0000000757400000, 0x0000000757800000|  0%| F|  |TAMS 0x0000000757400000, 0x0000000757400000| Untracked 
| 478|0x0000000757800000, 0x0000000757800000, 0x0000000757c00000|  0%| F|  |TAMS 0x0000000757800000, 0x0000000757800000| Untracked 
| 479|0x0000000757c00000, 0x0000000757c00000, 0x0000000758000000|  0%| F|  |TAMS 0x0000000757c00000, 0x0000000757c00000| Untracked 

Card table byte_map: [0x000001c0ce450000,0x000001c0ced50000] _byte_map_base: 0x000001c0cad50000

Marking Bits (Prev, Next): (CMBitMap*) 0x000001c0bb3bae20, (CMBitMap*) 0x000001c0bb3bade0
 Prev Bits: [0x000001c0d3e50000, 0x000001c0d8650000)
 Next Bits: [0x000001c0cf650000, 0x000001c0d3e50000)

Polling page: 0x000001c0bab10000

Metaspace:

Usage:
  Non-class:    121.39 MB used.
      Class:     18.15 MB used.
       Both:    139.53 MB used.

Virtual space:
  Non-class space:      128.00 MB reserved,     122.38 MB ( 96%) committed,  16 nodes.
      Class space:        1.00 GB reserved,      19.19 MB (  2%) committed,  1 nodes.
             Both:        1.12 GB reserved,     141.56 MB ( 12%) committed. 

Chunk freelists:
   Non-Class:  1.36 MB
       Class:  969.00 KB
        Both:  2.31 MB

MaxMetaspaceSize: unlimited
CompressedClassSpaceSize: 1.00 GB
Initial GC threshold: 21.00 MB
Current GC threshold: 234.94 MB
CDS: off
MetaspaceReclaimPolicy: balanced
 - commit_granule_bytes: 65536.
 - commit_granule_words: 8192.
 - virtual_space_node_default_size: 1048576.
 - enlarge_chunks_in_place: 1.
 - new_chunks_are_fully_committed: 0.
 - uncommit_free_chunks: 1.
 - use_allocation_guard: 0.
 - handle_deallocations: 1.


Internal statistics:

num_allocs_failed_limit: 6.
num_arena_births: 3818.
num_arena_deaths: 332.
num_vsnodes_births: 17.
num_vsnodes_deaths: 0.
num_space_committed: 2358.
num_space_uncommitted: 93.
num_chunks_returned_to_freelist: 1231.
num_chunks_taken_from_freelist: 11012.
num_chunk_merges: 231.
num_chunk_splits: 6315.
num_chunks_enlarged: 3396.
num_purges: 40.
num_inconsistent_stats: 0.

CodeHeap 'non-profiled nmethods': size=120000Kb used=41443Kb max_used=41443Kb free=78556Kb
 bounds [0x000001c0c62e0000, 0x000001c0c8b60000, 0x000001c0cd810000]
CodeHeap 'profiled nmethods': size=120000Kb used=58071Kb max_used=58071Kb free=61928Kb
 bounds [0x000001c0be810000, 0x000001c0c20d0000, 0x000001c0c5d40000]
CodeHeap 'non-nmethods': size=5760Kb used=2464Kb max_used=2563Kb free=3295Kb
 bounds [0x000001c0c5d40000, 0x000001c0c5fe0000, 0x000001c0c62e0000]
 total_blobs=32970 nmethods=31984 adapters=896
 compilation: enabled
              stopped_count=0, restarted_count=0
 full_count=0

Compilation events (20 events):
Event: 9905.829 Thread 0x000001c0dbc3cd90 43734       3       com.android.build.gradle.tasks.PackageApplication_Decorated::getJavaResourceFiles (34 bytes)
Event: 9905.829 Thread 0x000001c0dbc3cd90 nmethod 43734 0x000001c0c0cf8490 code [0x000001c0c0cf8660, 0x000001c0c0cf8a78]
Event: 9905.829 Thread 0x000001c0dbc3cd90 43735   !   3       com.sun.org.apache.xerces.internal.jaxp.SAXParserFactoryImpl::newSAXParser (35 bytes)
Event: 9905.830 Thread 0x000001c0dbc3cd90 nmethod 43735 0x000001c0c0fbbf10 code [0x000001c0c0fbc0e0, 0x000001c0c0fbc468]
Event: 9905.830 Thread 0x000001c0dbc3cd90 43736       3       com.sun.org.apache.xerces.internal.util.EntityResolverWrapper::<init> (10 bytes)
Event: 9905.830 Thread 0x000001c0dbc3cd90 nmethod 43736 0x000001c0c0cf7f10 code [0x000001c0c0cf80c0, 0x000001c0c0cf82b8]
Event: 9905.830 Thread 0x000001c0dbc3cd90 43737       3       com.sun.org.apache.xerces.internal.jaxp.SAXParserImpl$JAXPSAXParser::parse (57 bytes)
Event: 9905.830 Thread 0x000001c0dbc3cd90 nmethod 43737 0x000001c0c0fbb410 code [0x000001c0c0fbb620, 0x000001c0c0fbbc08]
Event: 9905.830 Thread 0x000001c0dbc3cd90 43738       3       com.sun.org.apache.xerces.internal.impl.XMLEntityManager$RewindableInputStream::<init> (48 bytes)
Event: 9905.830 Thread 0x000001c0dbc3cd90 nmethod 43738 0x000001c0c0fbad90 code [0x000001c0c0fbaf40, 0x000001c0c0fbb2f8]
Event: 9905.830 Thread 0x000001c0dbc3cd90 43739       3       com.sun.org.apache.xerces.internal.impl.XMLDocumentFragmentScannerImpl::reset (194 bytes)
Event: 9905.831 Thread 0x000001c0dbc3bb50 nmethod 43721 0x000001c0c8b56b90 code [0x000001c0c8b56d20, 0x000001c0c8b573b8]
Event: 9905.831 Thread 0x000001c0dbc3cd90 nmethod 43739 0x000001c0c20c8810 code [0x000001c0c20c8b80, 0x000001c0c20caa48]
Event: 9905.831 Thread 0x000001c0dbc3cd90 43740       3       com.sun.org.apache.xerces.internal.impl.XMLDocumentScannerImpl$ContentDriver::elementDepthIsZeroHook (25 bytes)
Event: 9905.831 Thread 0x000001c0dbc3cd90 nmethod 43740 0x000001c0c0fba990 code [0x000001c0c0fbab20, 0x000001c0c0fbacd8]
Event: 9905.846 Thread 0x000001c0dfd5b510 nmethod 43731 0x000001c0c8b57690 code [0x000001c0c8b57840, 0x000001c0c8b58578]
Event: 9905.851 Thread 0x000001c0dbc3cd90 43741   !   3       com.android.apksig.internal.apk.ApkSigningBlockUtils$ChunkDigester::<init> (115 bytes)
Event: 9905.851 Thread 0x000001c0dfd5b510 43742       4       java.lang.Thread::checkAccess (14 bytes)
Event: 9905.852 Thread 0x000001c0dfd5b510 nmethod 43742 0x000001c0c8b58a90 code [0x000001c0c8b58c00, 0x000001c0c8b58c98]
Event: 9905.852 Thread 0x000001c0dbc3cd90 nmethod 43741 0x000001c0c20cb290 code [0x000001c0c20cb540, 0x000001c0c20cc508]

GC Heap History (20 events):
Event: 7765.621 GC heap after
{Heap after GC invocations=158 (full 0):
 garbage-first heap   total 655360K, used 178067K [0x00000006e0000000, 0x0000000800000000)
  region size 4096K, 1 young (4096K), 1 survivors (4096K)
 Metaspace       used 142198K, committed 144320K, reserved 1179648K
  class space    used 18565K, committed 19648K, reserved 1048576K
}
Event: 7950.701 GC heap before
{Heap before GC invocations=158 (full 0):
 garbage-first heap   total 655360K, used 509843K [0x00000006e0000000, 0x0000000800000000)
  region size 4096K, 83 young (339968K), 1 survivors (4096K)
 Metaspace       used 142493K, committed 144512K, reserved 1179648K
  class space    used 18588K, committed 19648K, reserved 1048576K
}
Event: 7950.712 GC heap after
{Heap after GC invocations=159 (full 0):
 garbage-first heap   total 1966080K, used 188277K [0x00000006e0000000, 0x0000000800000000)
  region size 4096K, 4 young (16384K), 4 survivors (16384K)
 Metaspace       used 142493K, committed 144512K, reserved 1179648K
  class space    used 18588K, committed 19648K, reserved 1048576K
}
Event: 8257.819 GC heap before
{Heap before GC invocations=160 (full 0):
 garbage-first heap   total 724992K, used 659317K [0x00000006e0000000, 0x0000000800000000)
  region size 4096K, 121 young (495616K), 4 survivors (16384K)
 Metaspace       used 142266K, committed 144320K, reserved 1179648K
  class space    used 18565K, committed 19648K, reserved 1048576K
}
Event: 8257.876 GC heap after
{Heap after GC invocations=161 (full 0):
 garbage-first heap   total 724992K, used 208121K [0x00000006e0000000, 0x0000000800000000)
  region size 4096K, 9 young (36864K), 9 survivors (36864K)
 Metaspace       used 142266K, committed 144320K, reserved 1179648K
  class space    used 18565K, committed 19648K, reserved 1048576K
}
Event: 8257.948 GC heap before
{Heap before GC invocations=161 (full 0):
 garbage-first heap   total 724992K, used 212217K [0x00000006e0000000, 0x0000000800000000)
  region size 4096K, 10 young (40960K), 9 survivors (36864K)
 Metaspace       used 142267K, committed 144320K, reserved 1179648K
  class space    used 18565K, committed 19648K, reserved 1048576K
}
Event: 8257.986 GC heap after
{Heap after GC invocations=162 (full 0):
 garbage-first heap   total 724992K, used 174127K [0x00000006e0000000, 0x0000000800000000)
  region size 4096K, 1 young (4096K), 1 survivors (4096K)
 Metaspace       used 142267K, committed 144320K, reserved 1179648K
  class space    used 18565K, committed 19648K, reserved 1048576K
}
Event: 8309.917 GC heap before
{Heap before GC invocations=162 (full 0):
 garbage-first heap   total 724992K, used 559151K [0x00000006e0000000, 0x0000000800000000)
  region size 4096K, 96 young (393216K), 1 survivors (4096K)
 Metaspace       used 142566K, committed 144576K, reserved 1179648K
  class space    used 18588K, committed 19648K, reserved 1048576K
}
Event: 8309.982 GC heap after
{Heap after GC invocations=163 (full 0):
 garbage-first heap   total 724992K, used 193532K [0x00000006e0000000, 0x0000000800000000)
  region size 4096K, 6 young (24576K), 6 survivors (24576K)
 Metaspace       used 142566K, committed 144576K, reserved 1179648K
  class space    used 18588K, committed 19648K, reserved 1048576K
}
Event: 8490.429 GC heap before
{Heap before GC invocations=164 (full 0):
 garbage-first heap   total 712704K, used 562172K [0x00000006e0000000, 0x0000000800000000)
  region size 4096K, 97 young (397312K), 6 survivors (24576K)
 Metaspace       used 142343K, committed 144512K, reserved 1179648K
  class space    used 18565K, committed 19648K, reserved 1048576K
}
Event: 8490.488 GC heap after
{Heap after GC invocations=165 (full 0):
 garbage-first heap   total 712704K, used 185816K [0x00000006e0000000, 0x0000000800000000)
  region size 4096K, 4 young (16384K), 4 survivors (16384K)
 Metaspace       used 142343K, committed 144512K, reserved 1179648K
  class space    used 18565K, committed 19648K, reserved 1048576K
}
Event: 8490.594 GC heap before
{Heap before GC invocations=165 (full 0):
 garbage-first heap   total 712704K, used 202200K [0x00000006e0000000, 0x0000000800000000)
  region size 4096K, 8 young (32768K), 4 survivors (16384K)
 Metaspace       used 142343K, committed 144512K, reserved 1179648K
  class space    used 18565K, committed 19648K, reserved 1048576K
}
Event: 8490.668 GC heap after
{Heap after GC invocations=166 (full 0):
 garbage-first heap   total 712704K, used 162171K [0x00000006e0000000, 0x0000000800000000)
  region size 4096K, 1 young (4096K), 1 survivors (4096K)
 Metaspace       used 142343K, committed 144512K, reserved 1179648K
  class space    used 18565K, committed 19648K, reserved 1048576K
}
Event: 8795.452 GC heap before
{Heap before GC invocations=166 (full 0):
 garbage-first heap   total 712704K, used 559483K [0x00000006e0000000, 0x0000000800000000)
  region size 4096K, 99 young (405504K), 1 survivors (4096K)
 Metaspace       used 142816K, committed 144832K, reserved 1179648K
  class space    used 18589K, committed 19648K, reserved 1048576K
}
Event: 8795.472 GC heap after
{Heap after GC invocations=167 (full 0):
 garbage-first heap   total 712704K, used 182744K [0x00000006e0000000, 0x0000000800000000)
  region size 4096K, 6 young (24576K), 6 survivors (24576K)
 Metaspace       used 142816K, committed 144832K, reserved 1179648K
  class space    used 18589K, committed 19648K, reserved 1048576K
}
Event: 8916.805 GC heap before
{Heap before GC invocations=168 (full 0):
 garbage-first heap   total 643072K, used 555480K [0x00000006e0000000, 0x0000000800000000)
  region size 4096K, 99 young (405504K), 6 survivors (24576K)
 Metaspace       used 142547K, committed 144576K, reserved 1179648K
  class space    used 18557K, committed 19648K, reserved 1048576K
}
Event: 8916.832 GC heap after
{Heap after GC invocations=169 (full 0):
 garbage-first heap   total 643072K, used 177221K [0x00000006e0000000, 0x0000000800000000)
  region size 4096K, 6 young (24576K), 6 survivors (24576K)
 Metaspace       used 142547K, committed 144576K, reserved 1179648K
  class space    used 18557K, committed 19648K, reserved 1048576K
}
Event: 8916.838 GC heap before
{Heap before GC invocations=169 (full 0):
 garbage-first heap   total 643072K, used 181317K [0x00000006e0000000, 0x0000000800000000)
  region size 4096K, 7 young (28672K), 6 survivors (24576K)
 Metaspace       used 142547K, committed 144576K, reserved 1179648K
  class space    used 18557K, committed 19648K, reserved 1048576K
}
Event: 8916.859 GC heap after
{Heap after GC invocations=170 (full 0):
 garbage-first heap   total 643072K, used 150444K [0x00000006e0000000, 0x0000000800000000)
  region size 4096K, 1 young (4096K), 1 survivors (4096K)
 Metaspace       used 142547K, committed 144576K, reserved 1179648K
  class space    used 18557K, committed 19648K, reserved 1048576K
}
Event: 9905.861 GC heap before
{Heap before GC invocations=170 (full 0):
 garbage-first heap   total 643072K, used 498604K [0x00000006e0000000, 0x0000000800000000)
  region size 4096K, 87 young (356352K), 1 survivors (4096K)
 Metaspace       used 142882K, committed 144960K, reserved 1179648K
  class space    used 18581K, committed 19648K, reserved 1048576K
}

Dll operation events (2 events):
Event: 0.024 Loaded shared library C:\Program Files\Android\Android Studio\jbr\bin\java.dll
Event: 0.330 Loaded shared library C:\Program Files\Android\Android Studio\jbr\bin\verify.dll

Deoptimization events (20 events):
Event: 8916.872 Thread 0x000001c0e4ba71c0 Uncommon trap: trap_request=0xffffffbe fr.pc=0x000001c0c8b07808 relative=0x0000000000001e88
Event: 8916.872 Thread 0x000001c0e4ba71c0 Uncommon trap: reason=profile_predicate action=maybe_recompile pc=0x000001c0c8b07808 method=org.gradle.api.internal.tasks.execution.TaskExecution.visitOutputs(Ljava/io/File;Lorg/gradle/internal/execution/UnitOfWork$OutputVisitor;)V @ 28 c2
Event: 8916.872 Thread 0x000001c0e4ba71c0 DEOPT PACKING pc=0x000001c0c8b07808 sp=0x0000005f27ffc340
Event: 8916.872 Thread 0x000001c0e4ba71c0 DEOPT UNPACKING pc=0x000001c0c5d9a1a3 sp=0x0000005f27ffc328 mode 2
Event: 8916.876 Thread 0x000001c0e4ba71c0 Uncommon trap: trap_request=0xffffffbe fr.pc=0x000001c0c8b07808 relative=0x0000000000001e88
Event: 8916.876 Thread 0x000001c0e4ba71c0 Uncommon trap: reason=profile_predicate action=maybe_recompile pc=0x000001c0c8b07808 method=org.gradle.api.internal.tasks.execution.TaskExecution.visitOutputs(Ljava/io/File;Lorg/gradle/internal/execution/UnitOfWork$OutputVisitor;)V @ 28 c2
Event: 8916.876 Thread 0x000001c0e4ba71c0 DEOPT PACKING pc=0x000001c0c8b07808 sp=0x0000005f27ffde80
Event: 8916.876 Thread 0x000001c0e4ba71c0 DEOPT UNPACKING pc=0x000001c0c5d9a1a3 sp=0x0000005f27ffde68 mode 2
Event: 8916.876 Thread 0x000001c0e4ba71c0 Uncommon trap: trap_request=0xffffffbe fr.pc=0x000001c0c8b07808 relative=0x0000000000001e88
Event: 8916.876 Thread 0x000001c0e4ba71c0 Uncommon trap: reason=profile_predicate action=maybe_recompile pc=0x000001c0c8b07808 method=org.gradle.api.internal.tasks.execution.TaskExecution.visitOutputs(Ljava/io/File;Lorg/gradle/internal/execution/UnitOfWork$OutputVisitor;)V @ 28 c2
Event: 8916.876 Thread 0x000001c0e4ba71c0 DEOPT PACKING pc=0x000001c0c8b07808 sp=0x0000005f27ffd440
Event: 8916.876 Thread 0x000001c0e4ba71c0 DEOPT UNPACKING pc=0x000001c0c5d9a1a3 sp=0x0000005f27ffd428 mode 2
Event: 8916.877 Thread 0x000001c0e4ba71c0 Uncommon trap: trap_request=0xffffffbe fr.pc=0x000001c0c8b07808 relative=0x0000000000001e88
Event: 8916.877 Thread 0x000001c0e4ba71c0 Uncommon trap: reason=profile_predicate action=maybe_recompile pc=0x000001c0c8b07808 method=org.gradle.api.internal.tasks.execution.TaskExecution.visitOutputs(Ljava/io/File;Lorg/gradle/internal/execution/UnitOfWork$OutputVisitor;)V @ 28 c2
Event: 8916.877 Thread 0x000001c0e4ba71c0 DEOPT PACKING pc=0x000001c0c8b07808 sp=0x0000005f27ffca20
Event: 8916.877 Thread 0x000001c0e4ba71c0 DEOPT UNPACKING pc=0x000001c0c5d9a1a3 sp=0x0000005f27ffca20 mode 2
Event: 8917.117 Thread 0x000001c0e7c60060 DEOPT PACKING pc=0x000001c0c01779d0 sp=0x0000005f211fd860
Event: 8917.117 Thread 0x000001c0e7c60060 DEOPT UNPACKING pc=0x000001c0c5d9ace3 sp=0x0000005f211fcd10 mode 0
Event: 9905.824 Thread 0x000001c0e7f4e520 DEOPT PACKING pc=0x000001c0beb1a1f2 sp=0x0000005f290fd190
Event: 9905.824 Thread 0x000001c0e7f4e520 DEOPT UNPACKING pc=0x000001c0c5d9ace3 sp=0x0000005f290fc608 mode 0

Classes unloaded (20 events):
Event: 8795.630 Thread 0x000001c0db0ce760 Unloading class 0x0000000800bd4a80 'com/bumptech/glide/repackaged/com/google/common/base/Predicate'
Event: 8795.630 Thread 0x000001c0db0ce760 Unloading class 0x0000000800bd4800 'com/bumptech/glide/repackaged/com/squareup/javapoet/ClassName'
Event: 8795.630 Thread 0x000001c0db0ce760 Unloading class 0x00000008007b84d8 'com/bumptech/glide/repackaged/com/squareup/javapoet/TypeName'
Event: 8795.630 Thread 0x000001c0db0ce760 Unloading class 0x00000008007b82a8 'com/bumptech/glide/annotation/compiler/ProcessorUtil'
Event: 8795.630 Thread 0x000001c0db0ce760 Unloading class 0x00000008007b8000 'com/bumptech/glide/annotation/compiler/GlideAnnotationProcessor'
Event: 8795.630 Thread 0x000001c0db0ce760 Unloading class 0x0000000801056800 'jdk/internal/reflect/GeneratedSerializationConstructorAccessor111'
Event: 8795.630 Thread 0x000001c0db0ce760 Unloading class 0x0000000800c84000 'jdk/internal/reflect/GeneratedSerializationConstructorAccessor73'
Event: 8795.630 Thread 0x000001c0db0ce760 Unloading class 0x0000000800be8800 'jdk/internal/reflect/GeneratedSerializationConstructorAccessor70'
Event: 8795.630 Thread 0x000001c0db0ce760 Unloading class 0x0000000800be8400 'jdk/internal/reflect/GeneratedSerializationConstructorAccessor69'
Event: 8795.630 Thread 0x000001c0db0ce760 Unloading class 0x0000000800bdcc00 'jdk/internal/reflect/GeneratedSerializationConstructorAccessor58'
Event: 8795.630 Thread 0x000001c0db0ce760 Unloading class 0x00000008007b1400 'java/lang/invoke/LambdaForm$MH+0x00000008007b1400'
Event: 8795.630 Thread 0x000001c0db0ce760 Unloading class 0x00000008007b1000 'java/lang/invoke/LambdaForm$MH+0x00000008007b1000'
Event: 8795.630 Thread 0x000001c0db0ce760 Unloading class 0x00000008007b0800 'java/lang/invoke/LambdaForm$MH+0x00000008007b0800'
Event: 8795.630 Thread 0x000001c0db0ce760 Unloading class 0x0000000800585000 'java/lang/invoke/LambdaForm$MH+0x0000000800585000'
Event: 8795.630 Thread 0x000001c0db0ce760 Unloading class 0x0000000800192800 'java/lang/invoke/LambdaForm$MH+0x0000000800192800'
Event: 8795.630 Thread 0x000001c0db0ce760 Unloading class 0x0000000800192000 'java/lang/invoke/LambdaForm$MH+0x0000000800192000'
Event: 8795.630 Thread 0x000001c0db0ce760 Unloading class 0x0000000800191c00 'java/lang/invoke/LambdaForm$MH+0x0000000800191c00'
Event: 8795.630 Thread 0x000001c0db0ce760 Unloading class 0x0000000800191800 'java/lang/invoke/LambdaForm$MH+0x0000000800191800'
Event: 8795.630 Thread 0x000001c0db0ce760 Unloading class 0x0000000800191400 'java/lang/invoke/LambdaForm$MH+0x0000000800191400'
Event: 8795.630 Thread 0x000001c0db0ce760 Unloading class 0x0000000800190c00 'java/lang/invoke/LambdaForm$MH+0x0000000800190c00'

Classes redefined (0 events):
No events

Internal exceptions (20 events):
Event: 9905.676 Thread 0x000001c0e42d4ee0 Exception <a 'sun/nio/fs/WindowsException'{0x00000006f6545ad8}> (0x00000006f6545ad8) 
thrown [s\src\hotspot\share\prims\jni.cpp, line 517]
Event: 9905.677 Thread 0x000001c0e42d4ee0 Exception <a 'sun/nio/fs/WindowsException'{0x00000006f6547480}> (0x00000006f6547480) 
thrown [s\src\hotspot\share\prims\jni.cpp, line 517]
Event: 9905.678 Thread 0x000001c0e42d4ee0 Exception <a 'sun/nio/fs/WindowsException'{0x00000006f6548e20}> (0x00000006f6548e20) 
thrown [s\src\hotspot\share\prims\jni.cpp, line 517]
Event: 9905.678 Thread 0x000001c0e42d4ee0 Exception <a 'sun/nio/fs/WindowsException'{0x00000006f654a7c0}> (0x00000006f654a7c0) 
thrown [s\src\hotspot\share\prims\jni.cpp, line 517]
Event: 9905.679 Thread 0x000001c0e42d4ee0 Exception <a 'sun/nio/fs/WindowsException'{0x00000006f654c160}> (0x00000006f654c160) 
thrown [s\src\hotspot\share\prims\jni.cpp, line 517]
Event: 9905.680 Thread 0x000001c0e42d4ee0 Exception <a 'sun/nio/fs/WindowsException'{0x00000006f654db28}> (0x00000006f654db28) 
thrown [s\src\hotspot\share\prims\jni.cpp, line 517]
Event: 9905.681 Thread 0x000001c0e42d4ee0 Exception <a 'sun/nio/fs/WindowsException'{0x00000006f654f4d0}> (0x00000006f654f4d0) 
thrown [s\src\hotspot\share\prims\jni.cpp, line 517]
Event: 9905.681 Thread 0x000001c0e42d4ee0 Exception <a 'sun/nio/fs/WindowsException'{0x00000006f6550e70}> (0x00000006f6550e70) 
thrown [s\src\hotspot\share\prims\jni.cpp, line 517]
Event: 9905.682 Thread 0x000001c0e42d4ee0 Exception <a 'sun/nio/fs/WindowsException'{0x00000006f6553ec0}> (0x00000006f6553ec0) 
thrown [s\src\hotspot\share\prims\jni.cpp, line 517]
Event: 9905.683 Thread 0x000001c0e42d4ee0 Exception <a 'sun/nio/fs/WindowsException'{0x00000006f6555860}> (0x00000006f6555860) 
thrown [s\src\hotspot\share\prims\jni.cpp, line 517]
Event: 9905.684 Thread 0x000001c0e42d4ee0 Exception <a 'sun/nio/fs/WindowsException'{0x00000006f6557200}> (0x00000006f6557200) 
thrown [s\src\hotspot\share\prims\jni.cpp, line 517]
Event: 9905.685 Thread 0x000001c0e42d4ee0 Exception <a 'sun/nio/fs/WindowsException'{0x00000006f6558b60}> (0x00000006f6558b60) 
thrown [s\src\hotspot\share\prims\jni.cpp, line 517]
Event: 9905.714 Thread 0x000001c0e42d4ee0 Exception <a 'sun/nio/fs/WindowsException'{0x00000006f5c6de50}> (0x00000006f5c6de50) 
thrown [s\src\hotspot\share\prims\jni.cpp, line 517]
Event: 9905.718 Thread 0x000001c0e42d3ba0 Exception <a 'sun/nio/fs/WindowsException'{0x00000006fe007238}> (0x00000006fe007238) 
thrown [s\src\hotspot\share\prims\jni.cpp, line 517]
Event: 9905.747 Thread 0x000001c0e7f4bea0 Exception <a 'sun/nio/fs/WindowsException'{0x00000006f4eb0148}> (0x00000006f4eb0148) 
thrown [s\src\hotspot\share\prims\jni.cpp, line 517]
Event: 9905.759 Thread 0x000001c0e7f4bea0 Exception <a 'sun/nio/fs/WindowsException'{0x00000006f498fe50}> (0x00000006f498fe50) 
thrown [s\src\hotspot\share\prims\jni.cpp, line 517]
Event: 9905.776 Thread 0x000001c0e7f4b030 Exception <a 'sun/nio/fs/WindowsException'{0x00000006f4559530}> (0x00000006f4559530) 
thrown [s\src\hotspot\share\prims\jni.cpp, line 517]
Event: 9905.776 Thread 0x000001c0e7f4b030 Exception <a 'sun/nio/fs/WindowsException'{0x00000006f45596e8}> (0x00000006f45596e8) 
thrown [s\src\hotspot\share\prims\jni.cpp, line 517]
Event: 9905.804 Thread 0x000001c0e7f4e520 Exception <a 'sun/nio/fs/WindowsException'{0x00000006f4673e68}> (0x00000006f4673e68) 
thrown [s\src\hotspot\share\prims\jni.cpp, line 517]
Event: 9905.824 Thread 0x000001c0e7f4e520 Exception <a 'sun/nio/fs/WindowsException'{0x00000006f38cd980}> (0x00000006f38cd980) 
thrown [s\src\hotspot\share\prims\jni.cpp, line 517]

VM Operations (20 events):
Event: 8795.755 Executing VM operation: G1Concurrent done
Event: 8795.797 Executing VM operation: G1Concurrent
Event: 8795.797 Executing VM operation: G1Concurrent done
Event: 8796.806 Executing VM operation: Cleanup
Event: 8796.806 Executing VM operation: Cleanup done
Event: 8832.224 Executing VM operation: Cleanup
Event: 8832.224 Executing VM operation: Cleanup done
Event: 8916.085 Executing VM operation: Cleanup
Event: 8916.085 Executing VM operation: Cleanup done
Event: 8916.800 Executing VM operation: G1CollectForAllocation
Event: 8916.832 Executing VM operation: G1CollectForAllocation done
Event: 8916.838 Executing VM operation: G1CollectForAllocation
Event: 8916.859 Executing VM operation: G1CollectForAllocation done
Event: 8917.871 Executing VM operation: Cleanup
Event: 8917.871 Executing VM operation: Cleanup done
Event: 9904.943 Executing VM operation: Cleanup
Event: 9904.944 Executing VM operation: Cleanup done
Event: 9905.712 Executing VM operation: HandshakeAllThreads
Event: 9905.712 Executing VM operation: HandshakeAllThreads done
Event: 9905.860 Executing VM operation: G1CollectForAllocation

Events (20 events):
Event: 9905.744 Thread 0x000001c0e7f4e9f0 Thread added: 0x000001c0e7f4e9f0
Event: 9905.744 Thread 0x000001c0e7f4b9d0 Thread added: 0x000001c0e7f4b9d0
Event: 9905.745 Thread 0x000001c0e5d62550 Thread added: 0x000001c0e5d62550
Event: 9905.745 Thread 0x000001c0e5d5f060 Thread added: 0x000001c0e5d5f060
Event: 9905.745 Thread 0x000001c0e5d603a0 Thread added: 0x000001c0e5d603a0
Event: 9905.745 Thread 0x000001c0e5d60870 Thread added: 0x000001c0e5d60870
Event: 9905.746 Thread 0x000001c0dbc3d780 flushing nmethod 0x000001c0c072ec90
Event: 9905.750 Thread 0x000001c0dbc3d780 flushing nmethod 0x000001c0c0cf7f10
Event: 9905.751 Thread 0x000001c0dbc3d780 flushing nmethod 0x000001c0c0fb9d90
Event: 9905.751 Thread 0x000001c0dbc3d780 flushing nmethod 0x000001c0c0fbb210
Event: 9905.753 Thread 0x000001c0dbc3d780 flushing nmethod 0x000001c0c1372490
Event: 9905.812 Thread 0x000001c0dfd5b510 Thread added: 0x000001c0dfd5b510
Event: 9905.812 Thread 0x000001c0df993310 Thread added: 0x000001c0df993310
Event: 9905.848 Thread 0x000001c0e356d660 Thread added: 0x000001c0e356d660
Event: 9905.851 Thread 0x000001c0e356ccc0 Thread added: 0x000001c0e356ccc0
Event: 9905.852 Thread 0x000001c0e7f4d6b0 Thread added: 0x000001c0e7f4d6b0
Event: 9905.852 Thread 0x000001c0dc986670 Thread added: 0x000001c0dc986670
Event: 9905.852 Thread 0x000001c0e2922530 Thread added: 0x000001c0e2922530
Event: 9905.852 Thread 0x000001c0e7c63a20 Thread added: 0x000001c0e7c63a20
Event: 9905.852 Thread 0x000001c0dc98a030 Thread added: 0x000001c0dc98a030


Dynamic libraries:
0x00007ff6cd720000 - 0x00007ff6cd72a000 	C:\Program Files\Android\Android Studio\jbr\bin\java.exe
0x00007ff85f210000 - 0x00007ff85f427000 	C:\WINDOWS\SYSTEM32\ntdll.dll
0x00007ff85ef90000 - 0x00007ff85f054000 	C:\WINDOWS\System32\KERNEL32.DLL
0x00007ff85c5b0000 - 0x00007ff85c955000 	C:\WINDOWS\System32\KERNELBASE.dll
0x00007ff85cd10000 - 0x00007ff85ce21000 	C:\WINDOWS\System32\ucrtbase.dll
0x00007ff845000000 - 0x00007ff845017000 	C:\Program Files\Android\Android Studio\jbr\bin\jli.dll
0x00007ff838910000 - 0x00007ff83892b000 	C:\Program Files\Android\Android Studio\jbr\bin\VCRUNTIME140.dll
0x00007ff85d2c0000 - 0x00007ff85d46e000 	C:\WINDOWS\System32\USER32.dll
0x00007ff85c580000 - 0x00007ff85c5a6000 	C:\WINDOWS\System32\win32u.dll
0x00007ff85b7a0000 - 0x00007ff85ba33000 	C:\WINDOWS\WinSxS\amd64_microsoft.windows.common-controls_6595b64144ccf1df_6.0.22621.2506_none_270c5ae97388e100\COMCTL32.dll
0x00007ff85e2b0000 - 0x00007ff85e2d9000 	C:\WINDOWS\System32\GDI32.dll
0x00007ff85d1e0000 - 0x00007ff85d287000 	C:\WINDOWS\System32\msvcrt.dll
0x00007ff85ca00000 - 0x00007ff85cb19000 	C:\WINDOWS\System32\gdi32full.dll
0x00007ff85c960000 - 0x00007ff85c9fa000 	C:\WINDOWS\System32\msvcp_win.dll
0x00007ff85d530000 - 0x00007ff85d561000 	C:\WINDOWS\System32\IMM32.DLL
0x00007ff852b00000 - 0x00007ff852b0c000 	C:\Program Files\Android\Android Studio\jbr\bin\vcruntime140_1.dll
0x00007ff813750000 - 0x00007ff8137dd000 	C:\Program Files\Android\Android Studio\jbr\bin\msvcp140.dll
0x00007ff80d1c0000 - 0x00007ff80de2d000 	C:\Program Files\Android\Android Studio\jbr\bin\server\jvm.dll
0x00007ff85d470000 - 0x00007ff85d521000 	C:\WINDOWS\System32\ADVAPI32.dll
0x00007ff85df30000 - 0x00007ff85dfd6000 	C:\WINDOWS\System32\sechost.dll
0x00007ff85ee40000 - 0x00007ff85ef57000 	C:\WINDOWS\System32\RPCRT4.dll
0x00007ff8520e0000 - 0x00007ff852114000 	C:\WINDOWS\SYSTEM32\WINMM.dll
0x00007ff83a150000 - 0x00007ff83a159000 	C:\WINDOWS\SYSTEM32\WSOCK32.dll
0x00007ff85aa10000 - 0x00007ff85aa1a000 	C:\WINDOWS\SYSTEM32\VERSION.dll
0x00007ff85e350000 - 0x00007ff85e3c1000 	C:\WINDOWS\System32\WS2_32.dll
0x00007ff85a6d0000 - 0x00007ff85a6e8000 	C:\WINDOWS\SYSTEM32\kernel.appcore.dll
0x00007ff8587d0000 - 0x00007ff8587da000 	C:\Program Files\Android\Android Studio\jbr\bin\jimage.dll
0x00007ff85bef0000 - 0x00007ff85c123000 	C:\WINDOWS\SYSTEM32\DBGHELP.DLL
0x00007ff85da50000 - 0x00007ff85ddd9000 	C:\WINDOWS\System32\combase.dll
0x00007ff85f060000 - 0x00007ff85f137000 	C:\WINDOWS\System32\OLEAUT32.dll
0x00007ff85bd60000 - 0x00007ff85bd92000 	C:\WINDOWS\SYSTEM32\dbgcore.DLL
0x00007ff85cc90000 - 0x00007ff85cd0a000 	C:\WINDOWS\System32\bcryptPrimitives.dll
0x00007ff848460000 - 0x00007ff848485000 	C:\Program Files\Android\Android Studio\jbr\bin\java.dll
0x00007ff852ae0000 - 0x00007ff852af8000 	C:\Program Files\Android\Android Studio\jbr\bin\zip.dll
0x00007ff85e3d0000 - 0x00007ff85ec29000 	C:\WINDOWS\System32\SHELL32.dll
0x00007ff859540000 - 0x00007ff859e34000 	C:\WINDOWS\SYSTEM32\windows.storage.dll
0x00007ff859400000 - 0x00007ff85953e000 	C:\WINDOWS\SYSTEM32\wintypes.dll
0x00007ff85e0a0000 - 0x00007ff85e193000 	C:\WINDOWS\System32\SHCORE.dll
0x00007ff85d100000 - 0x00007ff85d15e000 	C:\WINDOWS\System32\shlwapi.dll
0x00007ff85c4b0000 - 0x00007ff85c4d6000 	C:\WINDOWS\SYSTEM32\profapi.dll
0x00007ff846bc0000 - 0x00007ff846bd9000 	C:\Program Files\Android\Android Studio\jbr\bin\net.dll
0x00007ff853fe0000 - 0x00007ff854117000 	C:\WINDOWS\SYSTEM32\WINHTTP.dll
0x00007ff85ab30000 - 0x00007ff85ab99000 	C:\WINDOWS\system32\mswsock.dll
0x00007ff845db0000 - 0x00007ff845dc6000 	C:\Program Files\Android\Android Studio\jbr\bin\nio.dll
0x00007ff8568a0000 - 0x00007ff8568b0000 	C:\Program Files\Android\Android Studio\jbr\bin\verify.dll
0x00007ff8436d0000 - 0x00007ff8436f7000 	C:\Users\ADMIN\.gradle\native\68d5fa5c4cc2d200863cafc0d521ce42e7d3e7ee720ec0a83991735586a16f82\windows-amd64\native-platform.dll
0x00007ff80b4e0000 - 0x00007ff80b624000 	C:\Users\ADMIN\.gradle\native\e376f236ea51e6404a007f0833ffe2c6e607c4080706a723a18a27aeea778392\windows-amd64\native-platform-file-events.dll
0x00007ff8587c0000 - 0x00007ff8587c9000 	C:\Program Files\Android\Android Studio\jbr\bin\management.dll
0x00007ff858740000 - 0x00007ff85874b000 	C:\Program Files\Android\Android Studio\jbr\bin\management_ext.dll
0x00007ff85e090000 - 0x00007ff85e098000 	C:\WINDOWS\System32\PSAPI.DLL
0x00007ff85c220000 - 0x00007ff85c23b000 	C:\WINDOWS\SYSTEM32\CRYPTSP.dll
0x00007ff85a630000 - 0x00007ff85a665000 	C:\WINDOWS\system32\rsaenh.dll
0x00007ff85b450000 - 0x00007ff85b47c000 	C:\WINDOWS\SYSTEM32\USERENV.dll
0x00007ff85bda0000 - 0x00007ff85bdc8000 	C:\WINDOWS\SYSTEM32\bcrypt.dll
0x00007ff85b5b0000 - 0x00007ff85b5bc000 	C:\WINDOWS\SYSTEM32\CRYPTBASE.dll
0x00007ff85a140000 - 0x00007ff85a16d000 	C:\WINDOWS\SYSTEM32\IPHLPAPI.DLL
0x00007ff85e1a0000 - 0x00007ff85e1a9000 	C:\WINDOWS\System32\NSI.dll
0x00007ff853fc0000 - 0x00007ff853fd9000 	C:\WINDOWS\SYSTEM32\dhcpcsvc6.DLL
0x00007ff853fa0000 - 0x00007ff853fbf000 	C:\WINDOWS\SYSTEM32\dhcpcsvc.DLL
0x00007ff85a170000 - 0x00007ff85a269000 	C:\WINDOWS\SYSTEM32\DNSAPI.dll
0x00007ff8401c0000 - 0x00007ff8401c8000 	C:\WINDOWS\system32\wshunix.dll

dbghelp: loaded successfully - version: 4.0.5 - missing functions: none
symbol engine: initialized successfully - sym options: 0x614 - pdb path: .;C:\Program Files\Android\Android Studio\jbr\bin;C:\WINDOWS\SYSTEM32;C:\WINDOWS\WinSxS\amd64_microsoft.windows.common-controls_6595b64144ccf1df_6.0.22621.2506_none_270c5ae97388e100;C:\Program Files\Android\Android Studio\jbr\bin\server;C:\Users\ADMIN\.gradle\native\68d5fa5c4cc2d200863cafc0d521ce42e7d3e7ee720ec0a83991735586a16f82\windows-amd64;C:\Users\ADMIN\.gradle\native\e376f236ea51e6404a007f0833ffe2c6e607c4080706a723a18a27aeea778392\windows-amd64

VM Arguments:
jvm_args: --add-opens=java.base/java.util=ALL-UNNAMED --add-opens=java.base/java.lang=ALL-UNNAMED --add-opens=java.base/java.lang.invoke=ALL-UNNAMED --add-opens=java.prefs/java.util.prefs=ALL-UNNAMED --add-opens=java.base/java.nio.charset=ALL-UNNAMED --add-opens=java.base/java.net=ALL-UNNAMED --add-opens=java.base/java.util.concurrent.atomic=ALL-UNNAMED -Xmx4608m -Dfile.encoding=UTF-8 -Duser.country=US -Duser.language=en -Duser.variant 
java_command: org.gradle.launcher.daemon.bootstrap.GradleDaemon 8.0
java_class_path (initial): C:\Users\ADMIN\.gradle\wrapper\dists\gradle-8.0-bin\ca5e32bp14vu59qr306oxotwh\gradle-8.0\lib\gradle-launcher-8.0.jar
Launcher Type: SUN_STANDARD

[Global flags]
     intx CICompilerCount                          = 4                                         {product} {ergonomic}
     uint ConcGCThreads                            = 2                                         {product} {ergonomic}
     uint G1ConcRefinementThreads                  = 8                                         {product} {ergonomic}
   size_t G1HeapRegionSize                         = 4194304                                   {product} {ergonomic}
    uintx GCDrainStackTargetSize                   = 64                                        {product} {ergonomic}
   size_t InitialHeapSize                          = 268435456                                 {product} {ergonomic}
   size_t MarkStackSize                            = 4194304                                   {product} {ergonomic}
   size_t MaxHeapSize                              = 4831838208                                {product} {command line}
   size_t MaxNewSize                               = 2898264064                                {product} {ergonomic}
   size_t MinHeapDeltaBytes                        = 4194304                                   {product} {ergonomic}
   size_t MinHeapSize                              = 8388608                                   {product} {ergonomic}
    uintx NonNMethodCodeHeapSize                   = 5839372                                {pd product} {ergonomic}
    uintx NonProfiledCodeHeapSize                  = 122909434                              {pd product} {ergonomic}
    uintx ProfiledCodeHeapSize                     = 122909434                              {pd product} {ergonomic}
    uintx ReservedCodeCacheSize                    = 251658240                              {pd product} {ergonomic}
     bool SegmentedCodeCache                       = true                                      {product} {ergonomic}
   size_t SoftMaxHeapSize                          = 4831838208                             {manageable} {ergonomic}
     bool UseCompressedClassPointers               = true                           {product lp64_product} {ergonomic}
     bool UseCompressedOops                        = true                           {product lp64_product} {ergonomic}
     bool UseG1GC                                  = true                                      {product} {ergonomic}
     bool UseLargePagesIndividualAllocation        = false                                  {pd product} {ergonomic}

Logging:
Log output configuration:
 #0: stdout all=warning uptime,level,tags
 #1: stderr all=off uptime,level,tags

Environment Variables:
JAVA_HOME=C:\Users\ADMIN\AppData\Local\Programs\Eclipse Adoptium\jdk-17.0.6.10-hotspot\
PATH=C:\Program Files\Common Files\Oracle\Java\javapath;C:\WINDOWS\system32;C:\WINDOWS;C:\WINDOWS\System32\Wbem;C:\WINDOWS\System32\WindowsPowerShell\v1.0\;C:\WINDOWS\System32\OpenSSH\;C:\Program Files (x86)\mingw-w64\i686-8.1.0-posix-dwarf-rt_v6-rev0\mingw32\bin;"C:\Windows\System32\;C:\Windows\;C:\Windows\System32\Wbem";C:\Program Files\Microsoft SQL Server\150\Tools\Binn\;C:\Program Files\Git\cmd;C:\WINDOWS\system32;C:\WINDOWS;C:\WINDOWS\System32\Wbem;C:\WINDOWS\System32\WindowsPowerShell\v1.0\;C:\WINDOWS\System32\OpenSSH\;C:\xampp\php;C:\ProgramData\ComposerSetup\bin;C:\Program Files\Cloudflare\Cloudflare WARP\;C:\Program Files\nodejs\;C:\Program Files\Graphviz\bin\dot.exe;C:\Program Files\Docker\Docker\resources\bin;C:\Program Files\apache-maven-3.9.5-bin\apache-maven-3.9.5\bin;C:\Users\ADMIN\AppData\Local\Programs\Python\Python310\Scripts\;C:\Users\ADMIN\AppData\Local\Programs\Python\Python310\;C:\Users\ADMIN\AppData\Local\Programs\Eclipse Adoptium\jdk-17.0.6.10-hotspot\bin;C:\Program Files\MySQL\MySQL Shell 8.0\bin\;C:\Users\ADMIN\AppData\Local\Microsoft\WindowsApps;C:\Users\ADMIN\AppData\Local\Programs\Microsoft VS Code\bin;C:\vclib\SDL2-2.0.20\lib\x64;C:\Program Files\heroku\bin;C:\Users\ADMIN\AppData\Roaming\Composer\vendor\bin;C:\Users\ADMIN\OneDrive\Ta`i li?u\mongosh-1.8.2-win32-x64\mongosh-1.8.2-win32-x64\bin;C:\Users\ADMIN\AppData\Roaming\npm;C:\Program Files\apache-maven-3.9.5-bin\apache-maven-3.9.5\bin
USERNAME=ADMIN
OS=Windows_NT
PROCESSOR_IDENTIFIER=Intel64 Family 6 Model 140 Stepping 1, GenuineIntel
TMP=C:\Users\ADMIN\AppData\Local\Temp
TEMP=C:\Users\ADMIN\AppData\Local\Temp



---------------  S Y S T E M  ---------------

OS:
 Windows 11 , 64 bit Build 22621 (10.0.22621.2506)
OS uptime: 1 days 15:21 hours
Hyper-V role detected

CPU: total 8 (initial active 8) (4 cores per cpu, 2 threads per core) family 6 model 140 stepping 1 microcode 0x78, cx8, cmov, fxsr, ht, mmx, 3dnowpref, sse, sse2, sse3, ssse3, sse4.1, sse4.2, popcnt, lzcnt, tsc, tscinvbit, avx, avx2, aes, erms, clmul, bmi1, bmi2, adx, avx512f, avx512dq, avx512cd, avx512bw, avx512vl, sha, fma, vzeroupper, avx512_vpopcntdq, avx512_vpclmulqdq, avx512_vaes, avx512_vnni, clflush, clflushopt, clwb, avx512_vbmi2, avx512_vbmi, hv

Memory: 4k page, system-wide physical 16179M (1923M free)
TotalPageFile size 64227M (AvailPageFile size 547M)
current process WorkingSet (physical memory assigned to process): 903M, peak: 1274M
current process commit charge ("private bytes"): 1120M, peak: 2465M

vm_info: OpenJDK 64-Bit Server VM (17.0.6+0-b2043.56-9586694) for windows-amd64 JRE (17.0.6+0-b2043.56-9586694), built on Feb  9 2023 20:06:20 by "androidbuild" with MS VC++ 16.10 / 16.11 (VS2019)

END.
